This is pdfTeX, Version 3.141592653-2.6-1.40.29 (MiKTeX 26.2) (preloaded format=pdflatex 2026.3.14)  14 MAR 2026 12:58
entering extended mode
 restricted \write18 enabled.
 %&-line parsing enabled.
**./tesis.tex
(tesis.tex
LaTeX2e <2025-11-01>
L3 programming layer <2026-01-19>
(thesis.cls
Document Class: thesis 2016/07/28 v1.0.3 thesis template for the University of 
Computer Science
(C:\Users\Hollow\AppData\Local\Programs\MiKTeX\tex/latex/base\report.cls
Document Class: report 2025/01/22 v1.4n Standard LaTeX document class
(C:\Users\Hollow\AppData\Local\Programs\MiKTeX\tex/latex/base\size11.clo
File: size11.clo 2025/01/22 v1.4n Standard LaTeX file (size option)
)
\c@part=\count275
\c@chapter=\count276
\c@section=\count277
\c@subsection=\count278
\c@subsubsection=\count279
\c@paragraph=\count280
\c@subparagraph=\count281
\c@figure=\count282
\c@table=\count283
\abovecaptionskip=\skip49
\belowcaptionskip=\skip50
\bibindent=\dimen148
)
(C:\Users\Hollow\AppData\Local\Programs\MiKTeX\tex/latex/fancyhdr\fancyhdr.sty
Package: fancyhdr 2025/02/07 v5.2 Extensive control of page headers and footers

\f@nch@headwidth=\skip51
\f@nch@offset@elh=\skip52
\f@nch@offset@erh=\skip53
\f@nch@offset@olh=\skip54
\f@nch@offset@orh=\skip55
\f@nch@offset@elf=\skip56
\f@nch@offset@erf=\skip57
\f@nch@offset@olf=\skip58
\f@nch@offset@orf=\skip59
\f@nch@height=\skip60
\f@nch@footalignment=\skip61
\f@nch@widthL=\skip62
\f@nch@widthC=\skip63
\f@nch@widthR=\skip64
\@temptokenb=\toks17
) (C:\Users\Hollow\AppData\Local\Programs\MiKTeX\tex/latex/base\ifthen.sty
Package: ifthen 2024/03/16 v1.1e Standard LaTeX ifthen package (DPC)
)
\marginspace=\dimen149

(C:\Users\Hollow\AppData\Local\Programs\MiKTeX\tex/latex/fncychap\fncychap.sty
Package: fncychap 2007/07/30 v1.34 LaTeX package (Revised chapters)
\RW=\skip65
\mylen=\skip66
\myhi=\skip67
\px=\skip68
\py=\skip69
\pyy=\skip70
\pxx=\skip71
) (C:\Users\Hollow\AppData\Local\Programs\MiKTeX\tex/latex/geometry\geometry.st
y
Package: geometry 2020/01/02 v5.9 Page Geometry
(C:\Users\Hollow\AppData\Local\Programs\MiKTeX\tex/latex/graphics\keyval.sty
Package: keyval 2022/05/29 v1.15 key=value parser (DPC)
\KV@toks@=\toks18
)
(C:\Users\Hollow\AppData\Local\Programs\MiKTeX\tex/generic/iftex\ifvtex.sty
Package: ifvtex 2019/10/25 v1.7 ifvtex legacy package. Use iftex instead.

(C:\Users\Hollow\AppData\Local\Programs\MiKTeX\tex/generic/iftex\iftex.sty
Package: iftex 2024/12/12 v1.0g TeX engine tests
))
\Gm@cnth=\count284
\Gm@cntv=\count285
\c@Gm@tempcnt=\count286
\Gm@bindingoffset=\dimen150
\Gm@wd@mp=\dimen151
\Gm@odd@mp=\dimen152
\Gm@even@mp=\dimen153
\Gm@layoutwidth=\dimen154
\Gm@layoutheight=\dimen155
\Gm@layouthoffset=\dimen156
\Gm@layoutvoffset=\dimen157
\Gm@dimlist=\toks19

(C:\Users\Hollow\AppData\Local\Programs\MiKTeX\tex/latex/geometry\geometry.cfg)
) (C:\Users\Hollow\AppData\Local\Programs\MiKTeX\tex/latex/base\inputenc.sty
Package: inputenc 2024/02/08 v1.3d Input encoding file
\inpenc@prehook=\toks20
\inpenc@posthook=\toks21
)
(C:\Users\Hollow\AppData\Local\Programs\MiKTeX\tex/latex/base\fontenc.sty
Package: fontenc 2025/07/18 v2.1d Standard LaTeX package
)
(C:\Users\Hollow\AppData\Local\Programs\MiKTeX\tex/latex/graphics\graphicx.sty
Package: graphicx 2024/12/31 v1.2e Enhanced LaTeX Graphics (DPC,SPQR)

(C:\Users\Hollow\AppData\Local\Programs\MiKTeX\tex/latex/graphics\graphics.sty
Package: graphics 2024/08/06 v1.4g Standard LaTeX Graphics (DPC,SPQR)

(C:\Users\Hollow\AppData\Local\Programs\MiKTeX\tex/latex/graphics\trig.sty
Package: trig 2023/12/02 v1.11 sin cos tan (DPC)
)
(C:\Users\Hollow\AppData\Local\Programs\MiKTeX\tex/latex/graphics-cfg\graphics.
cfg
File: graphics.cfg 2016/06/04 v1.11 sample graphics configuration
)
Package graphics Info: Driver file: pdftex.def on input line 106.

(C:\Users\Hollow\AppData\Local\Programs\MiKTeX\tex/latex/graphics-def\pdftex.de
f
File: pdftex.def 2025/09/29 v1.2d Graphics/color driver for pdftex
))
\Gin@req@height=\dimen158
\Gin@req@width=\dimen159
)
(C:\Users\Hollow\AppData\Local\Programs\MiKTeX\tex/latex/epstopdf-pkg\epstopdf.
sty
Package: epstopdf 2020-01-24 v2.11 Conversion with epstopdf on the fly (HO)

(C:\Users\Hollow\AppData\Local\Programs\MiKTeX\tex/generic/infwarerr\infwarerr.
sty
Package: infwarerr 2019/12/03 v1.5 Providing info/warning/error messages (HO)
) (C:\Users\Hollow\AppData\Local\Programs\MiKTeX\tex/latex/grfext\grfext.sty
Package: grfext 2019/12/03 v1.3 Manage graphics extensions (HO)

(C:\Users\Hollow\AppData\Local\Programs\MiKTeX\tex/generic/kvdefinekeys\kvdefin
ekeys.sty
Package: kvdefinekeys 2019-12-19 v1.6 Define keys (HO)
))
(C:\Users\Hollow\AppData\Local\Programs\MiKTeX\tex/latex/kvoptions\kvoptions.st
y
Package: kvoptions 2022-06-15 v3.15 Key value format for package options (HO)

(C:\Users\Hollow\AppData\Local\Programs\MiKTeX\tex/generic/ltxcmds\ltxcmds.sty
Package: ltxcmds 2023-12-04 v1.26 LaTeX kernel commands for general use (HO)
)
(C:\Users\Hollow\AppData\Local\Programs\MiKTeX\tex/latex/kvsetkeys\kvsetkeys.st
y
Package: kvsetkeys 2022-10-05 v1.19 Key value parser (HO)
))
(C:\Users\Hollow\AppData\Local\Programs\MiKTeX\tex/generic/pdftexcmds\pdftexcmd
s.sty
Package: pdftexcmds 2020-06-27 v0.33 Utility functions of pdfTeX for LuaTeX (HO
)
Package pdftexcmds Info: \pdf@primitive is available.
Package pdftexcmds Info: \pdf@ifprimitive is available.
Package pdftexcmds Info: \pdfdraftmode found.
)
(C:\Users\Hollow\AppData\Local\Programs\MiKTeX\tex/latex/epstopdf-pkg\epstopdf-
base.sty
Package: epstopdf-base 2020-01-24 v2.11 Base part for package epstopdf
Package epstopdf-base Info: Redefining graphics rule for `.eps' on input line 4
85.
Package grfext Info: Graphics extension search list:
(grfext)             [.pdf,.png,.jpg,.mps,.jpeg,.jbig2,.jb2,.PDF,.PNG,.JPG,.JPE
G,.JBIG2,.JB2,.eps]
(grfext)             \AppendGraphicsExtensions on input line 504.

(C:\Users\Hollow\AppData\Local\Programs\MiKTeX\tex/latex/00miktex\epstopdf-sys.
cfg
File: epstopdf-sys.cfg 2021/03/18 v2.0 Configuration of epstopdf for MiKTeX
)))
(C:\Users\Hollow\AppData\Local\Programs\MiKTeX\tex/generic/babel\babel.sty
Package: babel 2026/02/14 v26.3 The multilingual framework for LuaLaTeX, pdfLaT
eX and XeLaTeX
\babel@savecnt=\count287
LaTeX Encoding Info:    Redeclaring text command \ij (encoding OT1) on input li
ne 2078.
LaTeX Encoding Info:    Redeclaring text command \IJ (encoding OT1) on input li
ne 2080.
LaTeX Encoding Info:    Redeclaring text command \ij (encoding T1) on input lin
e 2082.
LaTeX Encoding Info:    Redeclaring text command \IJ (encoding T1) on input lin
e 2083.
LaTeX Encoding Info:    Ignoring declaration for text command \ij (encoding ?) 
on input line 2084.
LaTeX Encoding Info:    Ignoring declaration for text command \IJ (encoding ?) 
on input line 2086.
LaTeX Encoding Info:    Ignoring declaration for text command \SS (encoding ?) 
on input line 2111.
\U@D=\dimen160
\l@unhyphenated=\language79

(C:\Users\Hollow\AppData\Local\Programs\MiKTeX\tex/generic/babel\txtbabel.def)
\bbl@readstream=\read2
\bbl@dirlevel=\count288
Package babel Info: Configuration files are deprecated, as
(babel)             they can break document portability.
(babel)             Reported on input line 4206.

*************************************
* Local config file bblopts.cfg used
*
(C:\Users\Hollow\AppData\Local\Programs\MiKTeX\tex/latex/arabi\bblopts.cfg
File: bblopts.cfg 2005/09/08 v0.1 add Arabic and Farsi to "declared" options of
 babel
)
(C:\Users\Hollow\AppData\Local\Programs\MiKTeX\tex/generic/babel/locale/es\babe
l-spanish.tex)
Package babel Info: Importing font and identification data for spanish
(babel)             from babel-es.ini. Reported on input line 4330.

(C:\Users\Hollow\AppData\Local\Programs\MiKTeX\tex/latex/babel-spanish\spanish.
ldf
Language: spanish.ldf 2021/05/27 v5.0q Spanish support from the babel system
\es@quottoks=\toks22
\es@quotdepth=\count289
Package babel Info: Making " an active character on input line 570.
Package babel Info: Making . an active character on input line 675.
Package babel Info: Making < an active character on input line 722.
Package babel Info: Making > an active character on input line 722.
))
LaTeX Encoding Info:    Redeclaring text command \guillemotleft (encoding OT1) 
on input line 102.
LaTeX Encoding Info:    Redeclaring text command \guillemotright (encoding OT1)
 on input line 102.

(C:\Users\Hollow\AppData\Local\Programs\MiKTeX\tex/latex/datetime\datetime.sty
Package: datetime 2015/03/20 v2.60 Date Time Package

(C:\Users\Hollow\AppData\Local\Programs\MiKTeX\tex/latex/etoolbox\etoolbox.sty
Package: etoolbox 2025/10/02 v2.5m e-TeX tools for LaTeX (JAW)
\etb@tempcnta=\count290
) (C:\Users\Hollow\AppData\Local\Programs\MiKTeX\tex/latex/fmtcount\fmtcount.st
y
Package: fmtcount 2025/12/02 v3.12 Displaying the values of LaTeX counters (NT,
VB,NE)
(C:\Users\Hollow\AppData\Local\Programs\MiKTeX\tex/latex/xkeyval\xkeyval.sty
Package: xkeyval 2022/06/16 v2.9 package option processing (HA)

(C:\Users\Hollow\AppData\Local\Programs\MiKTeX\tex/generic/xkeyval\xkeyval.tex
(C:\Users\Hollow\AppData\Local\Programs\MiKTeX\tex/generic/xkeyval\xkvutils.tex
\XKV@toks=\toks23
\XKV@tempa@toks=\toks24
)
\XKV@depth=\count291
File: xkeyval.tex 2014/12/03 v2.7a key=value parser (HA)
))
(C:\Users\Hollow\AppData\Local\Programs\MiKTeX\tex/latex/fmtcount\fcprefix.sty
Package: fcprefix 2012/09/28

(C:\Users\Hollow\AppData\Local\Programs\MiKTeX\tex/latex/fmtcount\fcnumparser.s
ty
Package: fcnumparser 2017/06/15
\fc@digit@counter=\count292
))
(C:\Users\Hollow\AppData\Local\Programs\MiKTeX\tex/latex/amsmath\amsgen.sty
File: amsgen.sty 1999/11/30 v2.0 generic functions
\@emptytoks=\toks25
\ex@=\dimen161
)
\c@padzeroesN=\count293
\fc@tmpcatcode=\count294

(C:\Users\Hollow\AppData\Local\Programs\MiKTeX\tex/latex/fmtcount\fc-spanish.de
f
File: fc-spanish.def 2016/01/12
)
\@DT@modctr=\count295
\@ordinalctr=\count296
\@orgargctr=\count297
\@strctr=\count298
\@tmpstrctr=\count299
\@DT@loopN=\count300
\@DT@X=\count301
)
(C:\Users\Hollow\AppData\Local\Programs\MiKTeX\tex/latex/datetime\datetime-defa
ults.sty
Package: datetime-defaults 2013/09/10
)
\@day=\count302
\@month=\count303
\@year=\count304
\c@HOUR=\count305
\c@HOURXII=\count306
\c@MINUTE=\count307
\c@TOHOUR=\count308
\c@TOMINUTE=\count309
\c@SECOND=\count310
\currenthour=\count311
\currentminute=\count312
\currentsecond=\count313
Package datetime Info: No datetime.cfg file found, using default settings on in
put line 308.

(C:\Users\Hollow\AppData\Local\Programs\MiKTeX\tex/latex/datetime\dt-spanish.de
f
File: dt-spanish.def 2013/09/10
LaTeX Info: Redefining \datespanish on input line 85.
)
\@dtctr=\count314
\dayofyear=\count315
\dayofweek=\count316
LaTeX Info: Redefining \today on input line 736.
\dt@a=\toks26
\dt@b=\toks27
)
(C:\Users\Hollow\AppData\Local\Programs\MiKTeX\tex/latex/enumitem\enumitem.sty
Package: enumitem 2025/02/06 v3.11 Customized lists
\labelindent=\skip72
\enit@outerparindent=\dimen162
\enit@toks=\toks28
\enit@inbox=\box53
\enit@count@id=\count317
\enitdp@description=\count318
) (C:\Users\Hollow\AppData\Local\Programs\MiKTeX\tex/latex/csquotes\csquotes.st
y
Package: csquotes 2024-04-04 v5.2o context-sensitive quotations (JAW)
\csq@reset=\count319
\csq@gtype=\count320
\csq@glevel=\count321
\csq@qlevel=\count322
\csq@maxlvl=\count323
\csq@tshold=\count324
\csq@ltx@everypar=\toks29
(C:\Users\Hollow\AppData\Local\Programs\MiKTeX\tex/latex/csquotes\csquotes.def
File: csquotes.def 2024-04-04 v5.2o csquotes generic definitions (JAW)
)
Package csquotes Info: Trying to load configuration file 'csquotes.cfg'...
Package csquotes Info: ... configuration file loaded successfully.
(C:\Users\Hollow\AppData\Local\Programs\MiKTeX\tex/latex/csquotes\csquotes.cfg
File: csquotes.cfg 
)) (C:\Users\Hollow\AppData\Local\Programs\MiKTeX\tex/latex/caption\caption.sty
Package: caption 2023/08/05 v3.6o Customizing captions (AR)

(C:\Users\Hollow\AppData\Local\Programs\MiKTeX\tex/latex/caption\caption3.sty
Package: caption3 2023/07/31 v2.4d caption3 kernel (AR)
\caption@tempdima=\dimen163
\captionmargin=\dimen164
\caption@leftmargin=\dimen165
\caption@rightmargin=\dimen166
\caption@width=\dimen167
\caption@indent=\dimen168
\caption@parindent=\dimen169
\caption@hangindent=\dimen170
Package caption Info: Standard document class detected.
)
\c@caption@flags=\count325
\c@continuedfloat=\count326
)
(C:\Users\Hollow\AppData\Local\Programs\MiKTeX\tex/latex/caption\subcaption.sty
Package: subcaption 2023/07/28 v1.6b Sub-captions (AR)
Package caption Info: New subtype `subfigure' on input line 238.
\c@subfigure=\count327
Package caption Info: New subtype `subtable' on input line 238.
\c@subtable=\count328
) (C:\Users\Hollow\AppData\Local\Programs\MiKTeX\tex/latex/amsmath\amsmath.sty
Package: amsmath 2025/07/09 v2.17z AMS math features
\@mathmargin=\skip73

For additional information on amsmath, use the `?' option.
(C:\Users\Hollow\AppData\Local\Programs\MiKTeX\tex/latex/amsmath\amstext.sty
Package: amstext 2024/11/17 v2.01 AMS text
)
(C:\Users\Hollow\AppData\Local\Programs\MiKTeX\tex/latex/amsmath\amsbsy.sty
Package: amsbsy 1999/11/29 v1.2d Bold Symbols
\pmbraise@=\dimen171
)
(C:\Users\Hollow\AppData\Local\Programs\MiKTeX\tex/latex/amsmath\amsopn.sty
Package: amsopn 2022/04/08 v2.04 operator names
)
\inf@bad=\count329
LaTeX Info: Redefining \frac on input line 233.
\uproot@=\count330
\leftroot@=\count331
LaTeX Info: Redefining \overline on input line 398.
LaTeX Info: Redefining \colon on input line 409.
\classnum@=\count332
\DOTSCASE@=\count333
LaTeX Info: Redefining \ldots on input line 495.
LaTeX Info: Redefining \dots on input line 498.
LaTeX Info: Redefining \cdots on input line 619.
\Mathstrutbox@=\box54
\strutbox@=\box55
LaTeX Info: Redefining \big on input line 721.
LaTeX Info: Redefining \Big on input line 722.
LaTeX Info: Redefining \bigg on input line 723.
LaTeX Info: Redefining \Bigg on input line 724.
\big@size=\dimen172
LaTeX Font Info:    Redeclaring font encoding OML on input line 742.
LaTeX Font Info:    Redeclaring font encoding OMS on input line 743.
\macc@depth=\count334
LaTeX Info: Redefining \bmod on input line 904.
LaTeX Info: Redefining \pmod on input line 909.
LaTeX Info: Redefining \smash on input line 939.
LaTeX Info: Redefining \relbar on input line 969.
LaTeX Info: Redefining \Relbar on input line 970.
\c@MaxMatrixCols=\count335
\dotsspace@=\muskip17
\c@parentequation=\count336
\dspbrk@lvl=\count337
\tag@help=\toks30
\row@=\count338
\column@=\count339
\maxfields@=\count340
\andhelp@=\toks31
\eqnshift@=\dimen173
\alignsep@=\dimen174
\tagshift@=\dimen175
\tagwidth@=\dimen176
\totwidth@=\dimen177
\lineht@=\dimen178
\@envbody=\toks32
\multlinegap=\skip74
\multlinetaggap=\skip75
\mathdisplay@stack=\toks33
LaTeX Info: Redefining \[ on input line 2950.
LaTeX Info: Redefining \] on input line 2951.
)
(C:\Users\Hollow\AppData\Local\Programs\MiKTeX\tex/latex/amscls\amsthm.sty
Package: amsthm 2020/05/29 v2.20.6
\thm@style=\toks34
\thm@bodyfont=\toks35
\thm@headfont=\toks36
\thm@notefont=\toks37
\thm@headpunct=\toks38
\thm@preskip=\skip76
\thm@postskip=\skip77
\thm@headsep=\skip78
\dth@everypar=\toks39
)
(C:\Users\Hollow\AppData\Local\Programs\MiKTeX\tex/latex/amsfonts\amssymb.sty
Package: amssymb 2013/01/14 v3.01 AMS font symbols

(C:\Users\Hollow\AppData\Local\Programs\MiKTeX\tex/latex/amsfonts\amsfonts.sty
Package: amsfonts 2013/01/14 v3.01 Basic AMSFonts support
\symAMSa=\mathgroup4
\symAMSb=\mathgroup5
LaTeX Font Info:    Redeclaring math symbol \hbar on input line 98.
LaTeX Font Info:    Overwriting math alphabet `\mathfrak' in version `bold'
(Font)                  U/euf/m/n --> U/euf/b/n on input line 106.
))
(C:\Users\Hollow\AppData\Local\Programs\MiKTeX\tex/generic/genmisc\kbordermatri
x.sty
Package: kbordermatrix 2011/09/21 Bordered matrix with brackets
\kbcolsep=\skip79
\kbrowsep=\skip80
\br@kwd=\skip81
\k@bordht=\skip82
)
(C:\Users\Hollow\AppData\Local\Programs\MiKTeX\tex/latex/xcolor\xcolor.sty
Package: xcolor 2024/09/29 v3.02 LaTeX color extensions (UK)

(C:\Users\Hollow\AppData\Local\Programs\MiKTeX\tex/latex/graphics-cfg\color.cfg
File: color.cfg 2016/01/02 v1.6 sample color configuration
)
Package xcolor Info: Driver file: pdftex.def on input line 274.

(C:\Users\Hollow\AppData\Local\Programs\MiKTeX\tex/latex/graphics\mathcolor.ltx
)
Package xcolor Info: Model `cmy' substituted by `cmy0' on input line 1349.
Package xcolor Info: Model `hsb' substituted by `rgb' on input line 1353.
Package xcolor Info: Model `RGB' extended on input line 1365.
Package xcolor Info: Model `HTML' substituted by `rgb' on input line 1367.
Package xcolor Info: Model `Hsb' substituted by `hsb' on input line 1368.
Package xcolor Info: Model `tHsb' substituted by `hsb' on input line 1369.
Package xcolor Info: Model `HSB' substituted by `hsb' on input line 1370.
Package xcolor Info: Model `Gray' substituted by `gray' on input line 1371.
Package xcolor Info: Model `wave' substituted by `hsb' on input line 1372.
)
(C:\Users\Hollow\AppData\Local\Programs\MiKTeX\tex/latex/graphics\dvipsnam.def
File: dvipsnam.def 2016/06/17 v3.0m Driver-dependent file (DPC,SPQR)
) (C:\Users\Hollow\AppData\Local\Programs\MiKTeX\tex/latex/xcolor\svgnam.def
File: svgnam.def 2024/09/29 v3.02 Predefined colors according to SVG 1.1 (UK)
)
(C:\Users\Hollow\AppData\Local\Programs\MiKTeX\tex/latex/xcolor\x11nam.def
File: x11nam.def 2024/09/29 v3.02 Predefined colors according to Unix/X11 (UK)
)
(C:\Users\Hollow\AppData\Local\Programs\MiKTeX\tex/latex/colortbl\colortbl.sty
Package: colortbl 2024/10/29 v1.0k Color table columns (DPC)

(C:\Users\Hollow\AppData\Local\Programs\MiKTeX\tex/latex/tools\array.sty
Package: array 2025/09/25 v2.6n Tabular extension package (FMi)
\col@sep=\dimen179
\ar@mcellbox=\box56
\extrarowheight=\dimen180
\NC@list=\toks40
\extratabsurround=\skip83
\backup@length=\skip84
\ar@cellbox=\box57
)
\everycr=\toks41
\minrowclearance=\skip85
\rownum=\count341
)
(C:\Users\Hollow\AppData\Local\Programs\MiKTeX\tex/latex/multirow\multirow.sty
Package: multirow 2024/11/12 v2.9 Span multiple rows of a table
\multirow@colwidth=\skip86
\multirow@cntb=\count342
\multirow@dima=\skip87
\bigstrutjot=\dimen181
) (C:\Users\Hollow\AppData\Local\Programs\MiKTeX\tex/latex/fp\fp.sty
Package: fp 1995/04/02

`Fixed Point Package', Version 0.8, April 2, 1995 (C) Michael Mehlich
(C:\Users\Hollow\AppData\Local\Programs\MiKTeX\tex/latex/fp\defpattern.sty
Package: defpattern 1994/10/12
\actioncount=\count343
)
(C:\Users\Hollow\AppData\Local\Programs\MiKTeX\tex/latex/fp\fp-basic.sty
Package: fp-basic 1996/05/13
\FP@xs=\count344
\FP@xia=\count345
\FP@xib=\count346
\FP@xfa=\count347
\FP@xfb=\count348
\FP@rega=\count349
\FP@regb=\count350
\FP@regs=\count351
\FP@times=\count352
)
(C:\Users\Hollow\AppData\Local\Programs\MiKTeX\tex/latex/fp\fp-addons.sty
Package: fp-addons 1995/03/15
)
(C:\Users\Hollow\AppData\Local\Programs\MiKTeX\tex/latex/fp\fp-snap.sty
Package: fp-snap 1995/04/05
)
(C:\Users\Hollow\AppData\Local\Programs\MiKTeX\tex/latex/fp\fp-exp.sty
Package: fp-exp 1995/04/03
)
(C:\Users\Hollow\AppData\Local\Programs\MiKTeX\tex/latex/fp\fp-trigo.sty
Package: fp-trigo 1995/04/14
)
(C:\Users\Hollow\AppData\Local\Programs\MiKTeX\tex/latex/fp\fp-pas.sty
Package: fp-pas 1994/08/29
)
(C:\Users\Hollow\AppData\Local\Programs\MiKTeX\tex/latex/fp\fp-random.sty
Package: fp-random 1995/02/23
\FPseed=\count353
)
(C:\Users\Hollow\AppData\Local\Programs\MiKTeX\tex/latex/fp\fp-eqn.sty
Package: fp-eqn 1995/04/03
)
(C:\Users\Hollow\AppData\Local\Programs\MiKTeX\tex/latex/fp\fp-upn.sty
Package: fp-upn 1996/10/21
)
(C:\Users\Hollow\AppData\Local\Programs\MiKTeX\tex/latex/fp\fp-eval.sty
Package: fp-eval 1995/04/03
))
(C:\Users\Hollow\AppData\Local\Programs\MiKTeX\tex/latex/tocloft\tocloft.sty
Package: tocloft 2017/08/31 v2.3i parameterised ToC, etc., typesetting
Package tocloft Info: The document has chapter divisions on input line 51.
\cftparskip=\skip88
\cftbeforetoctitleskip=\skip89
\cftaftertoctitleskip=\skip90
\cftbeforepartskip=\skip91
\cftpartnumwidth=\skip92
\cftpartindent=\skip93
\cftbeforechapskip=\skip94
\cftchapindent=\skip95
\cftchapnumwidth=\skip96
\cftbeforesecskip=\skip97
\cftsecindent=\skip98
\cftsecnumwidth=\skip99
\cftbeforesubsecskip=\skip100
\cftsubsecindent=\skip101
\cftsubsecnumwidth=\skip102
\cftbeforesubsubsecskip=\skip103
\cftsubsubsecindent=\skip104
\cftsubsubsecnumwidth=\skip105
\cftbeforeparaskip=\skip106
\cftparaindent=\skip107
\cftparanumwidth=\skip108
\cftbeforesubparaskip=\skip109
\cftsubparaindent=\skip110
\cftsubparanumwidth=\skip111
\cftbeforeloftitleskip=\skip112
\cftafterloftitleskip=\skip113
\cftbeforefigskip=\skip114
\cftfigindent=\skip115
\cftfignumwidth=\skip116
\c@lofdepth=\count354
\c@lotdepth=\count355
\cftbeforelottitleskip=\skip117
\cftafterlottitleskip=\skip118
\cftbeforetabskip=\skip119
\cfttabindent=\skip120
\cfttabnumwidth=\skip121
)
(C:\Users\Hollow\AppData\Local\Programs\MiKTeX\tex/latex/multirow\bigstrut.sty
Package: bigstrut 2024/11/12 v2.9 Provide larger struts in tabulars
) (C:\Users\Hollow\AppData\Local\Programs\MiKTeX\tex/latex/tools\longtable.sty
Package: longtable 2025-10-13 v4.24 Multi-page Table package (DPC)
\LTleft=\skip122
\LTright=\skip123
\LTpre=\skip124
\LTpost=\skip125
\LTchunksize=\count356
\LTcapwidth=\dimen182
\LT@head=\box58
\LT@firsthead=\box59
\LT@foot=\box60
\LT@lastfoot=\box61
\LT@gbox=\box62
\LT@cols=\count357
\LT@rows=\count358
\c@LT@tables=\count359
\c@LT@chunks=\count360
\LT@p@ftn=\toks42
)
(C:\Users\Hollow\AppData\Local\Programs\MiKTeX\tex/latex/pdflscape\pdflscape.st
y
Package: pdflscape 2022-10-27 v0.13 Display of landscape pages in PDF

(C:\Users\Hollow\AppData\Local\Programs\MiKTeX\tex/latex/pdflscape\pdflscape-no
metadata.sty
Package: pdflscape-nometadata 2022-10-28 v0.13 Display of landscape pages in PD
F (HO)

(C:\Users\Hollow\AppData\Local\Programs\MiKTeX\tex/latex/graphics\lscape.sty
Package: lscape 2020/05/28 v3.02 Landscape Pages (DPC)
)
Package pdflscape Info: Auto-detected driver: pdftex on input line 81.
)) (C:\Users\Hollow\AppData\Local\Programs\MiKTeX\tex/latex/tools\hhline.sty
Package: hhline 2020/01/04 v2.04 Table rule package (DPC)
)
(C:\Users\Hollow\AppData\Local\Programs\MiKTeX\tex/latex/pdfpages\pdfpages.sty
Package: pdfpages 2025/07/23 v0.6g Insert pages of external PDF documents (AM)

(C:\Users\Hollow\AppData\Local\Programs\MiKTeX\tex/latex/tools\calc.sty
Package: calc 2025/03/01 v4.3b Infix arithmetic (KKT,FJ)
\calc@Acount=\count361
\calc@Bcount=\count362
\calc@Adimen=\dimen183
\calc@Bdimen=\dimen184
\calc@Askip=\skip126
\calc@Bskip=\skip127
LaTeX Info: Redefining \setlength on input line 86.
LaTeX Info: Redefining \addtolength on input line 87.
\calc@Ccount=\count363
\calc@Cskip=\skip128
)
(C:\Users\Hollow\AppData\Local\Programs\MiKTeX\tex/latex/eso-pic\eso-pic.sty
Package: eso-pic 2025/12/10 v3.0d eso-pic (RN)
\ESO@tempdima=\dimen185
\ESO@tempdimb=\dimen186
)
\AM@pagewidth=\dimen187
\AM@pageheight=\dimen188
\AM@fboxrule=\dimen189

(C:\Users\Hollow\AppData\Local\Programs\MiKTeX\tex/latex/pdfpages\pppdftex.def
File: pppdftex.def 2025/07/23 v0.6g Pdfpages driver for pdfTeX (AM)
)
\pdfpages@includegraphics@status=\count364
\AM@pagebox=\box63
\AM@global@opts=\toks43
\AM@pagecnt=\count365
\AM@toc@title=\toks44
\AM@lof@heading=\toks45
\c@AM@survey=\count366
\AM@templatesizebox=\box64
)
(C:\Users\Hollow\AppData\Local\Programs\MiKTeX\tex/latex/setspace\setspace.sty
Package: setspace 2022/12/04 v6.7b set line spacing
)
(C:\Users\Hollow\AppData\Local\Programs\MiKTeX\tex/latex/algorithms\algorithm.s
ty
Package: algorithm 2009/08/24 v0.1 Document Style `algorithm' - floating enviro
nment
 (C:\Users\Hollow\AppData\Local\Programs\MiKTeX\tex/latex/float\float.sty
Package: float 2001/11/08 v1.3d Float enhancements (AL)
\c@float@type=\count367
\float@exts=\toks46
\float@box=\box65
\@float@everytoks=\toks47
\@floatcapt=\box66
)
\@float@every@algorithm=\toks48
\c@algorithm=\count368
)
(C:\Users\Hollow\AppData\Local\Programs\MiKTeX\tex/latex/algorithmicx\algpseudo
code.sty
Package: algpseudocode 

(C:\Users\Hollow\AppData\Local\Programs\MiKTeX\tex/latex/algorithmicx\algorithm
icx.sty
Package: algorithmicx 2005/04/27 v1.2 Algorithmicx

Document Style algorithmicx 1.2 - a greatly improved `algorithmic' style
\c@ALG@line=\count369
\c@ALG@rem=\count370
\c@ALG@nested=\count371
\ALG@tlm=\skip129
\ALG@thistlm=\skip130
\c@ALG@Lnr=\count372
\c@ALG@blocknr=\count373
\c@ALG@storecount=\count374
\c@ALG@tmpcounter=\count375
\ALG@tmplength=\skip131
)
Document Style - pseudocode environments for use with the `algorithmicx' style
) (C:\Users\Hollow\AppData\Local\Programs\MiKTeX\tex/latex/upquote\upquote.sty
Package: upquote 2012/04/19 v1.3 upright-quote and grave-accent glyphs in verba
tim

(C:\Users\Hollow\AppData\Local\Programs\MiKTeX\tex/latex/base\textcomp.sty
Package: textcomp 2024/04/24 v2.1b Standard LaTeX package
))
(C:\Users\Hollow\AppData\Local\Programs\MiKTeX\tex/latex/listings\listings.sty
\lst@mode=\count376
\lst@gtempboxa=\box67
\lst@token=\toks49
\lst@length=\count377
\lst@currlwidth=\dimen190
\lst@column=\count378
\lst@pos=\count379
\lst@lostspace=\dimen191
\lst@width=\dimen192
\lst@newlines=\count380
\lst@lineno=\count381
\lst@maxwidth=\dimen193

(C:\Users\Hollow\AppData\Local\Programs\MiKTeX\tex/latex/listings\lstpatch.sty
File: lstpatch.sty 2025/11/14 1.11b (Carsten Heinz)
) (C:\Users\Hollow\AppData\Local\Programs\MiKTeX\tex/latex/listings\lstmisc.sty
File: lstmisc.sty 2025/11/14 1.11b (Carsten Heinz)
\c@lstnumber=\count382
\lst@skipnumbers=\count383
\lst@framebox=\box68
) (C:\Users\Hollow\AppData\Local\Programs\MiKTeX\tex/latex/listings\listings.cf
g
File: listings.cfg 2025/11/14 1.11b listings configuration
))
Package: listings 2025/11/14 1.11b (Carsten Heinz)

==> First Aid for listings.sty no longer applied!
    Expected:
        2024/09/23 1.10c (Carsten Heinz)
    but found:
        2025/11/14 1.11b (Carsten Heinz)
    so I'm assuming it got fixed.
(C:\Users\Hollow\AppData\Local\Programs\MiKTeX\tex/latex/txfonts\txfonts.sty
Package: txfonts 2008/01/22 v3.2.1
LaTeX Font Info:    Redeclaring symbol font `operators' on input line 21.
LaTeX Font Info:    Overwriting symbol font `operators' in version `normal'
(Font)                  OT1/cmr/m/n --> OT1/txr/m/n on input line 21.
LaTeX Font Info:    Overwriting symbol font `operators' in version `bold'
(Font)                  OT1/cmr/bx/n --> OT1/txr/m/n on input line 21.
LaTeX Font Info:    Overwriting symbol font `operators' in version `bold'
(Font)                  OT1/txr/m/n --> OT1/txr/bx/n on input line 22.
\symitalic=\mathgroup6
LaTeX Font Info:    Overwriting symbol font `italic' in version `bold'
(Font)                  OT1/txr/m/it --> OT1/txr/bx/it on input line 26.
LaTeX Font Info:    Redeclaring math alphabet \mathbf on input line 29.
LaTeX Font Info:    Overwriting math alphabet `\mathbf' in version `normal'
(Font)                  OT1/cmr/bx/n --> OT1/txr/bx/n on input line 29.
LaTeX Font Info:    Overwriting math alphabet `\mathbf' in version `bold'
(Font)                  OT1/cmr/bx/n --> OT1/txr/bx/n on input line 29.
LaTeX Font Info:    Redeclaring math alphabet \mathit on input line 30.
LaTeX Font Info:    Overwriting math alphabet `\mathit' in version `normal'
(Font)                  OT1/cmr/m/it --> OT1/txr/m/it on input line 30.
LaTeX Font Info:    Overwriting math alphabet `\mathit' in version `bold'
(Font)                  OT1/cmr/bx/it --> OT1/txr/m/it on input line 30.
LaTeX Font Info:    Overwriting math alphabet `\mathit' in version `bold'
(Font)                  OT1/txr/m/it --> OT1/txr/bx/it on input line 31.
LaTeX Font Info:    Redeclaring math alphabet \mathsf on input line 40.
LaTeX Font Info:    Overwriting math alphabet `\mathsf' in version `normal'
(Font)                  OT1/cmss/m/n --> OT1/txss/m/n on input line 40.
LaTeX Font Info:    Overwriting math alphabet `\mathsf' in version `bold'
(Font)                  OT1/cmss/bx/n --> OT1/txss/m/n on input line 40.
LaTeX Font Info:    Overwriting math alphabet `\mathsf' in version `bold'
(Font)                  OT1/txss/m/n --> OT1/txss/b/n on input line 41.
LaTeX Font Info:    Redeclaring math alphabet \mathtt on input line 50.
LaTeX Font Info:    Overwriting math alphabet `\mathtt' in version `normal'
(Font)                  OT1/cmtt/m/n --> OT1/txtt/m/n on input line 50.
LaTeX Font Info:    Overwriting math alphabet `\mathtt' in version `bold'
(Font)                  OT1/cmtt/m/n --> OT1/txtt/m/n on input line 50.
LaTeX Font Info:    Overwriting math alphabet `\mathtt' in version `bold'
(Font)                  OT1/txtt/m/n --> OT1/txtt/b/n on input line 51.
LaTeX Font Info:    Redeclaring symbol font `letters' on input line 58.
LaTeX Font Info:    Overwriting symbol font `letters' in version `normal'
(Font)                  OML/cmm/m/it --> OML/txmi/m/it on input line 58.
LaTeX Font Info:    Overwriting symbol font `letters' in version `bold'
(Font)                  OML/cmm/b/it --> OML/txmi/m/it on input line 58.
LaTeX Font Info:    Overwriting symbol font `letters' in version `bold'
(Font)                  OML/txmi/m/it --> OML/txmi/bx/it on input line 59.
\symlettersA=\mathgroup7
LaTeX Font Info:    Overwriting symbol font `lettersA' in version `bold'
(Font)                  U/txmia/m/it --> U/txmia/bx/it on input line 67.
LaTeX Font Info:    Redeclaring math alphabet \mathfrak on input line 70.
LaTeX Font Info:    Redeclaring symbol font `symbols' on input line 77.
LaTeX Font Info:    Overwriting symbol font `symbols' in version `normal'
(Font)                  OMS/cmsy/m/n --> OMS/txsy/m/n on input line 77.
LaTeX Font Info:    Overwriting symbol font `symbols' in version `bold'
(Font)                  OMS/cmsy/b/n --> OMS/txsy/m/n on input line 77.
LaTeX Font Info:    Overwriting symbol font `symbols' in version `bold'
(Font)                  OMS/txsy/m/n --> OMS/txsy/bx/n on input line 78.
LaTeX Font Info:    Redeclaring symbol font `AMSa' on input line 93.
LaTeX Font Info:    Overwriting symbol font `AMSa' in version `normal'
(Font)                  U/msa/m/n --> U/txsya/m/n on input line 93.
LaTeX Font Info:    Overwriting symbol font `AMSa' in version `bold'
(Font)                  U/msa/m/n --> U/txsya/m/n on input line 93.
LaTeX Font Info:    Overwriting symbol font `AMSa' in version `bold'
(Font)                  U/txsya/m/n --> U/txsya/bx/n on input line 94.
LaTeX Font Info:    Redeclaring symbol font `AMSb' on input line 102.
LaTeX Font Info:    Overwriting symbol font `AMSb' in version `normal'
(Font)                  U/msb/m/n --> U/txsyb/m/n on input line 102.
LaTeX Font Info:    Overwriting symbol font `AMSb' in version `bold'
(Font)                  U/msb/m/n --> U/txsyb/m/n on input line 102.
LaTeX Font Info:    Overwriting symbol font `AMSb' in version `bold'
(Font)                  U/txsyb/m/n --> U/txsyb/bx/n on input line 103.
\symsymbolsC=\mathgroup8
LaTeX Font Info:    Overwriting symbol font `symbolsC' in version `bold'
(Font)                  U/txsyc/m/n --> U/txsyc/bx/n on input line 113.
LaTeX Font Info:    Redeclaring symbol font `largesymbols' on input line 120.
LaTeX Font Info:    Overwriting symbol font `largesymbols' in version `normal'
(Font)                  OMX/cmex/m/n --> OMX/txex/m/n on input line 120.
LaTeX Font Info:    Overwriting symbol font `largesymbols' in version `bold'
(Font)                  OMX/cmex/m/n --> OMX/txex/m/n on input line 120.
LaTeX Font Info:    Overwriting symbol font `largesymbols' in version `bold'
(Font)                  OMX/txex/m/n --> OMX/txex/bx/n on input line 121.
\symlargesymbolsA=\mathgroup9
LaTeX Font Info:    Overwriting symbol font `largesymbolsA' in version `bold'
(Font)                  U/txexa/m/n --> U/txexa/bx/n on input line 129.
LaTeX Encoding Info:    Redeclaring text symbol \L (encoding OT1) on input line
 160.
LaTeX Encoding Info:    Redeclaring text symbol \l (encoding OT1) on input line
 161.
LaTeX Font Info:    Redeclaring math symbol \mathsterling on input line 164.
LaTeX Info: Redefining \not on input line 1043.
LaTeX Info: Redefining \textsquare on input line 1063.
LaTeX Info: Redefining \openbox on input line 1064.
)
(C:\Users\Hollow\AppData\Local\Programs\MiKTeX\tex/latex/environ\environ.sty
Package: environ 2014/05/04 v0.3 A new way to define environments

(C:\Users\Hollow\AppData\Local\Programs\MiKTeX\tex/latex/trimspaces\trimspaces.
sty
Package: trimspaces 2009/09/17 v1.1 Trim spaces around a token list
))
(C:\Users\Hollow\AppData\Local\Programs\MiKTeX\tex/latex/hyperref\hyperref.sty
Package: hyperref 2026-01-29 v7.01p Hypertext links for LaTeX

(C:\Users\Hollow\AppData\Local\Programs\MiKTeX\tex/generic/pdfescape\pdfescape.
sty
Package: pdfescape 2019/12/09 v1.15 Implements pdfTeX's escape features (HO)
)
(C:\Users\Hollow\AppData\Local\Programs\MiKTeX\tex/latex/hycolor\hycolor.sty
Package: hycolor 2020-01-27 v1.10 Color options for hyperref/bookmark (HO)
)
(C:\Users\Hollow\AppData\Local\Programs\MiKTeX\tex/latex/hyperref\nameref.sty
Package: nameref 2026-01-29 v2.58 Cross-referencing by name of section

(C:\Users\Hollow\AppData\Local\Programs\MiKTeX\tex/latex/refcount\refcount.sty
Package: refcount 2019/12/15 v3.6 Data extraction from label references (HO)
)
(C:\Users\Hollow\AppData\Local\Programs\MiKTeX\tex/generic/gettitlestring\getti
tlestring.sty
Package: gettitlestring 2019/12/15 v1.6 Cleanup title references (HO)
)
\c@section@level=\count384
)
(C:\Users\Hollow\AppData\Local\Programs\MiKTeX\tex/generic/stringenc\stringenc.
sty
Package: stringenc 2019/11/29 v1.12 Convert strings between diff. encodings (HO
)
)
\@linkdim=\dimen194
\Hy@linkcounter=\count385
\Hy@pagecounter=\count386

(C:\Users\Hollow\AppData\Local\Programs\MiKTeX\tex/latex/hyperref\pd1enc.def
File: pd1enc.def 2026-01-29 v7.01p Hyperref: PDFDocEncoding definition (HO)
Now handling font encoding PD1 ...
... no UTF-8 mapping file for font encoding PD1
)
(C:\Users\Hollow\AppData\Local\Programs\MiKTeX\tex/generic/intcalc\intcalc.sty
Package: intcalc 2019/12/15 v1.3 Expandable calculations with integers (HO)
)
\Hy@SavedSpaceFactor=\count387
(C:\Users\Hollow\AppData\Local\Programs\MiKTeX\tex/latex/hyperref\puenc.def
File: puenc.def 2026-01-29 v7.01p Hyperref: PDF Unicode definition (HO)
Now handling font encoding PU ...
... no UTF-8 mapping file for font encoding PU
)
Package hyperref Info: Option `colorlinks' set `true' on input line 4072.
Package hyperref Info: Hyper figures OFF on input line 4201.
Package hyperref Info: Link nesting OFF on input line 4206.
Package hyperref Info: Hyper index ON on input line 4209.
Package hyperref Info: Plain pages OFF on input line 4216.
Package hyperref Info: Backreferencing OFF on input line 4221.
Package hyperref Info: Implicit mode ON; LaTeX internals redefined.
Package hyperref Info: Bookmarks ON on input line 4468.
\c@Hy@tempcnt=\count388

(C:\Users\Hollow\AppData\Local\Programs\MiKTeX\tex/latex/url\url.sty
\Urlmuskip=\muskip18
Package: url 2013/09/16  ver 3.4  Verb mode for urls, etc.
)
LaTeX Info: Redefining \url on input line 4807.
\XeTeXLinkMargin=\dimen195

(C:\Users\Hollow\AppData\Local\Programs\MiKTeX\tex/generic/bitset\bitset.sty
Package: bitset 2019/12/09 v1.3 Handle bit-vector datatype (HO)

(C:\Users\Hollow\AppData\Local\Programs\MiKTeX\tex/generic/bigintcalc\bigintcal
c.sty
Package: bigintcalc 2019/12/15 v1.5 Expandable calculations on big integers (HO
)
))
\Fld@menulength=\count389
\Field@Width=\dimen196
\Fld@charsize=\dimen197
Package hyperref Info: Hyper figures OFF on input line 6084.
Package hyperref Info: Link nesting OFF on input line 6089.
Package hyperref Info: Hyper index ON on input line 6092.
Package hyperref Info: backreferencing OFF on input line 6099.
Package hyperref Info: Link coloring ON on input line 6102.
Package hyperref Info: Link coloring with OCG OFF on input line 6109.
Package hyperref Info: PDF/A mode OFF on input line 6114.
\Hy@abspage=\count390
\c@Item=\count391
\c@Hfootnote=\count392
)
Package hyperref Info: Driver (autodetected): hpdftex.

(C:\Users\Hollow\AppData\Local\Programs\MiKTeX\tex/latex/hyperref\hpdftex.def
File: hpdftex.def 2026-01-29 v7.01p Hyperref driver for pdfTeX
\Fld@listcount=\count393
\c@bookmark@seq@number=\count394

(C:\Users\Hollow\AppData\Local\Programs\MiKTeX\tex/latex/rerunfilecheck\rerunfi
lecheck.sty
Package: rerunfilecheck 2025-06-21 v1.11 Rerun checks for auxiliary files (HO)

(C:\Users\Hollow\AppData\Local\Programs\MiKTeX\tex/generic/uniquecounter\unique
counter.sty
Package: uniquecounter 2019/12/15 v1.4 Provide unlimited unique counter (HO)
)
Package uniquecounter Info: New unique counter `rerunfilecheck' on input line 2
84.
)
\Hy@SectionHShift=\skip132
)
(C:\Users\Hollow\AppData\Local\Programs\MiKTeX\tex/latex/draftwatermark\draftwa
termark.sty
Package: draftwatermark 2024/03/04 3.3 Put a gray textual watermark on document
 pages
)
(C:\Users\Hollow\AppData\Local\Programs\MiKTeX\tex/latex/textpos\textpos.sty
Package: textpos 2022/07/23 v1.10.1
Package textpos Info: choosing support for LaTeX3 on input line 60.
\TP@textbox=\box69
\TPHorizModule=\dimen198
\TPVertModule=\dimen199
\TP@margin=\dimen256
\TP@absmargin=\dimen257

Grid set 16 x 16 = 38.39343pt x 49.68562pt
\TPboxrulesize=\dimen258
\TP@tbargs=\toks50
)
(C:\Users\Hollow\AppData\Local\Programs\MiKTeX\tex/latex/graphics\rotating.sty
Package: rotating 2025/01/14 v2.16e rotated objects in LaTeX
\c@r@tfl@t=\count395
\rotFPtop=\skip133
\rotFPbot=\skip134
\rot@float@box=\box70
\rot@mess@toks=\toks51
) (C:\Users\Hollow\AppData\Local\Programs\MiKTeX\tex/latex/appendix\appendix.st
y
Package: appendix 2020/02/08 v1.2c extra appendix facilities
\c@@pps=\count396
\c@@ppsavesec=\count397
\c@@ppsaveapp=\count398
)
(C:\Users\Hollow\AppData\Local\Programs\MiKTeX\tex/latex/bookmark\bookmark.sty
Package: bookmark 2023-12-10 v1.31 PDF bookmarks (HO)

(C:\Users\Hollow\AppData\Local\Programs\MiKTeX\tex/latex/bookmark\bkm-pdftex.de
f
File: bkm-pdftex.def 2023-12-10 v1.31 bookmark driver for pdfTeX and luaTeX (HO
)
\BKM@id=\count399
))
(C:\Users\Hollow\AppData\Local\Programs\MiKTeX\tex/latex/aurical\aurical.sty
Package: aurical 2006/10/12 aurical - a set of three decorative fonts with acce
nts
)
(C:\Users\Hollow\AppData\Local\Programs\MiKTeX\tex/latex/fundus-calligra\callig
ra.sty
Package: calligra 2012/04/10 v1.9 LaTeX package calligra
)
(C:\Users\Hollow\AppData\Local\Programs\MiKTeX\tex/latex/glossaries/base\glossa
ries.sty
Package: glossaries 2025/11/09 v4.9 (NLCT)

(C:\Users\Hollow\AppData\Local\Programs\MiKTeX\tex/latex/mfirstuc\mfirstuc.sty
Package: mfirstuc 2025/04/03 v2.09 (NLCT)
\@glsmfirst=\toks52
\@glsmrest=\toks53
) (C:\Users\Hollow\AppData\Local\Programs\MiKTeX\tex/latex/xfor\xfor.sty
Package: xfor 2009/02/05 v1.05 (NLCT)
)
(C:\Users\Hollow\AppData\Local\Programs\MiKTeX\tex/latex/tracklang\tracklang.st
y
Package: tracklang 2025/03/11 v1.6.6 (NLCT) Track Languages

(C:\Users\Hollow\AppData\Local\Programs\MiKTeX\tex/generic/tracklang\tracklang.
tex)
Package tracklang Info: Tracking dialect `spanish' (language `spanish') on inpu
t line 53.
)
(C:\Users\Hollow\AppData\Local\Programs\MiKTeX\tex/latex/translator\translator.
sty
Package: translator 2021-05-31 v1.12d Easy translation of strings in LaTeX
)
(C:\Users\Hollow\AppData\Local\Programs\MiKTeX\tex/latex/glossaries-spanish\glo
ssaries-spanish.ldf
File: glossaries-spanish.ldf 2014/11/23 v1.0

(C:\Users\Hollow\AppData\Local\Programs\MiKTeX\tex/latex/glossaries-spanish\glo
ssaries-spanish-utf8.ldf))
(C:\Users\Hollow\AppData\Local\Programs\MiKTeX\tex/latex/datatool\datatool-base
.sty
Package: datatool-base 2025/12/04 v3.4.3 (NLCT)
\l__datatool_tmpa_int=\count400
\l__datatool_tmpb_int=\count401
\l__datatool_tmpc_int=\count402
\l__datatool_tmpd_int=\count403
\l__datatool_count_int=\count404
\l__datatool_tmp_datatype_int=\count405
\l__datatool_tmpa_dim=\dimen259
\l__datatool_tmpb_dim=\dimen260

(C:\Users\Hollow\AppData\Local\Programs\MiKTeX\tex/latex/datatool\datatool-l3fp
.def
File: datatool-l3fp.def 2025/12/04 v3.4.3 (NLCT)
)
\@dtl@toks=\toks54
\@dtl@tmpcount=\count406
\dtl@tmplength=\skip135
\l__datatool_measure_box=\box71
\dtl@sortresult=\count407

(C:\Users\Hollow\AppData\Local\Programs\MiKTeX\tex/latex/datatool\datatool-utf8
.ldf
File: datatool-utf8.ldf 2025/12/04 v3.4.3 (NLCT)
)
\@dtl@datatype=\count408
\c_datatool_unknown_int=\count409
\l__datatool_year_int=\count410
\l__datatool_month_int=\count411
\l__datatool_day_int=\count412
\l__datatool_hour_int=\count413
\l__datatool_minute_int=\count414
\l__datatool_second_int=\count415
\l__datatool_tzhour_int=\count416
\l__datatool_tzminute_int=\count417
\l__datatool_julian_int=\count418
\l__datatool_local_julian_int=\count419
\l__datatool_prefix_int=\count420
\l__datatool_suffix_int=\count421
\@dtl@foreach@level=\count422


Package tracklang Warning: No `datatool' support for dialect `spanish'  on inpu
t line 9924.

\dtl@codeA=\count423
\dtl@codeB=\count424
)
\gls@level=\count425
\@gls@tmpb=\toks55
\gls@tmplen=\skip136
\l__glossaries_tmpa_dim=\dimen261
\l__glossaries_tmpb_dim=\dimen262
\glskeylisttok=\toks56
\glslabeltok=\toks57
\glsshorttok=\toks58
\glslongtok=\toks59

(C:\Users\Hollow\AppData\Local\Programs\MiKTeX\tex/latex/glossaries/styles\glos
sary-hypernav.sty
Package: glossary-hypernav 2025/11/09 v4.9 (NLCT)
)
(C:\Users\Hollow\AppData\Local\Programs\MiKTeX\tex/latex/glossaries/styles\glos
sary-list.sty
Package: glossary-list 2025/11/09 v4.9 (NLCT)
\glslistdottedwidth=\skip137
)
(C:\Users\Hollow\AppData\Local\Programs\MiKTeX\tex/latex/glossaries/styles\glos
sary-long.sty
Package: glossary-long 2025/11/09 v4.9 (NLCT)
\glsdescwidth=\skip138
\glspagelistwidth=\skip139
)
(C:\Users\Hollow\AppData\Local\Programs\MiKTeX\tex/latex/glossaries/styles\glos
sary-super.sty
Package: glossary-super 2025/11/09 v4.9 (NLCT)

(C:\Users\Hollow\AppData\Local\Programs\MiKTeX\tex/latex/supertabular\supertabu
lar.sty
Package: supertabular 2025/06/26 v4.2d the supertabular environment
\c@tracingst=\count426
\ST@wd=\dimen263
\ST@rightskip=\skip140
\ST@leftskip=\skip141
\ST@parfillskip=\skip142
\ST@pageleft=\dimen264
\ST@headht=\dimen265
\ST@tailht=\dimen266
\ST@pagesofar=\dimen267
\ST@pboxht=\dimen268
\ST@rowht=\dimen269
\ST@prevht=\dimen270
\ST@toadd=\dimen271
\ST@dimen=\dimen272
\ST@pbox=\box72
))
(C:\Users\Hollow\AppData\Local\Programs\MiKTeX\tex/latex/glossaries/styles\glos
sary-tree.sty
Package: glossary-tree 2025/11/09 v4.9 (NLCT)
\l__glossaries_tree_max_known_level_int=\count427
\l__glossaries_tree_offset_dim=\dimen273
\l__glossaries_tree_namewidth_dim=\dimen274
\l__glossaries_tree_symbolwidth_dim=\dimen275
\l__glossaries_tree_prenamesym_width_dim=\dimen276
\l__glossaries_tree_presubnamesym_width_dim=\dimen277
\l__glossaries_tree_namewidth_padding_dim=\dimen278
\l__glossaries_tree_symbolwidth_padding_dim=\dimen279
\l__glossaries_tree_namesymbolwidth_dim=\dimen280
\l__glossaries_tree_namesymbolwidth_padding_dim=\dimen281
\l__glossaries_tree_level_int=\count428
\glstreeindent=\skip143
))
(C:\Users\Hollow\AppData\Local\Programs\MiKTeX\tex/generic/soul\soul.sty
Package: soul 2023-06-14 v3.1 Permit use of UTF-8 characters in soul (HO)

(C:\Users\Hollow\AppData\Local\Programs\MiKTeX\tex/generic/soul\soul-ori.sty
Package: soul-ori 2023-06-14 v3.1 letterspacing/underlining (mf)
\SOUL@word=\toks60
\SOUL@lasttoken=\toks61
\SOUL@syllable=\toks62
\SOUL@cmds=\toks63
\SOUL@buffer=\toks64
\SOUL@token=\toks65
\SOUL@syllgoal=\dimen282
\SOUL@syllwidth=\dimen283
\SOUL@charkern=\dimen284
\SOUL@hyphkern=\dimen285
\SOUL@dimen=\dimen286
\SOUL@dimeni=\dimen287
\SOUL@minus=\count429
\SOUL@comma=\count430
\SOUL@apo=\count431
\SOUL@grave=\count432
\SOUL@spaceskip=\skip144
\SOUL@ttwidth=\dimen288
\SOUL@uldp=\dimen289
\SOUL@ulht=\dimen290
)
(C:\Users\Hollow\AppData\Local\Programs\MiKTeX\tex/generic/etexcmds\etexcmds.st
y
Package: etexcmds 2019/12/15 v1.7 Avoid name clashes with e-TeX commands (HO)
))
(C:\Users\Hollow\AppData\Local\Programs\MiKTeX\tex/latex/oberdiek\ifdraft.sty
Package: ifdraft 2016/05/16 v1.4 Detect class options draft and final (HO)
)
(C:\Users\Hollow\AppData\Local\Programs\MiKTeX\tex/latex/todonotes\todonotes.st
y
Package: todonotes 2024/01/05 v1.1.7 Todonotes source and documentation.
Package: todonotes 2024/01/05

(C:\Users\Hollow\AppData\Local\Programs\MiKTeX\tex/latex/pgf/frontendlayer\tikz
.sty
(C:\Users\Hollow\AppData\Local\Programs\MiKTeX\tex/latex/pgf/basiclayer\pgf.sty

(C:\Users\Hollow\AppData\Local\Programs\MiKTeX\tex/latex/pgf/utilities\pgfrcs.s
ty
(C:\Users\Hollow\AppData\Local\Programs\MiKTeX\tex/generic/pgf/utilities\pgfuti
l-common.tex
\pgfutil@everybye=\toks66
\pgfutil@tempdima=\dimen291
\pgfutil@tempdimb=\dimen292
)
(C:\Users\Hollow\AppData\Local\Programs\MiKTeX\tex/generic/pgf/utilities\pgfuti
l-latex.def
\pgfutil@abb=\box73
)
(C:\Users\Hollow\AppData\Local\Programs\MiKTeX\tex/generic/pgf/utilities\pgfrcs
.code.tex
(C:\Users\Hollow\AppData\Local\Programs\MiKTeX\tex/generic/pgf\pgf.revision.tex
)
Package: pgfrcs 2025-08-29 v3.1.11a (3.1.11a)
))
Package: pgf 2025-08-29 v3.1.11a (3.1.11a)

(C:\Users\Hollow\AppData\Local\Programs\MiKTeX\tex/latex/pgf/basiclayer\pgfcore
.sty
(C:\Users\Hollow\AppData\Local\Programs\MiKTeX\tex/latex/pgf/systemlayer\pgfsys
.sty
(C:\Users\Hollow\AppData\Local\Programs\MiKTeX\tex/generic/pgf/systemlayer\pgfs
ys.code.tex
Package: pgfsys 2025-08-29 v3.1.11a (3.1.11a)

(C:\Users\Hollow\AppData\Local\Programs\MiKTeX\tex/generic/pgf/utilities\pgfkey
s.code.tex
\pgfkeys@pathtoks=\toks67
\pgfkeys@temptoks=\toks68

(C:\Users\Hollow\AppData\Local\Programs\MiKTeX\tex/generic/pgf/utilities\pgfkey
slibraryfiltered.code.tex
\pgfkeys@tmptoks=\toks69
))
\pgf@x=\dimen293
\pgf@y=\dimen294
\pgf@xa=\dimen295
\pgf@ya=\dimen296
\pgf@xb=\dimen297
\pgf@yb=\dimen298
\pgf@xc=\dimen299
\pgf@yc=\dimen300
\pgf@xd=\dimen301
\pgf@yd=\dimen302
\w@pgf@writea=\write3
\r@pgf@reada=\read3
\c@pgf@counta=\count433
\c@pgf@countb=\count434
\c@pgf@countc=\count435
\c@pgf@countd=\count436
\t@pgf@toka=\toks70
\t@pgf@tokb=\toks71
\t@pgf@tokc=\toks72
\pgf@sys@id@count=\count437

(C:\Users\Hollow\AppData\Local\Programs\MiKTeX\tex/generic/pgf/systemlayer\pgf.
cfg
File: pgf.cfg 2025-08-29 v3.1.11a (3.1.11a)
)
Driver file for pgf: pgfsys-pdftex.def

(C:\Users\Hollow\AppData\Local\Programs\MiKTeX\tex/generic/pgf/systemlayer\pgfs
ys-pdftex.def
File: pgfsys-pdftex.def 2025-08-29 v3.1.11a (3.1.11a)

(C:\Users\Hollow\AppData\Local\Programs\MiKTeX\tex/generic/pgf/systemlayer\pgfs
ys-common-pdf.def
File: pgfsys-common-pdf.def 2025-08-29 v3.1.11a (3.1.11a)
)))
(C:\Users\Hollow\AppData\Local\Programs\MiKTeX\tex/generic/pgf/systemlayer\pgfs
yssoftpath.code.tex
File: pgfsyssoftpath.code.tex 2025-08-29 v3.1.11a (3.1.11a)
\pgfsyssoftpath@smallbuffer@items=\count438
\pgfsyssoftpath@bigbuffer@items=\count439
)
(C:\Users\Hollow\AppData\Local\Programs\MiKTeX\tex/generic/pgf/systemlayer\pgfs
ysprotocol.code.tex
File: pgfsysprotocol.code.tex 2025-08-29 v3.1.11a (3.1.11a)
))
(C:\Users\Hollow\AppData\Local\Programs\MiKTeX\tex/generic/pgf/basiclayer\pgfco
re.code.tex
Package: pgfcore 2025-08-29 v3.1.11a (3.1.11a)

(C:\Users\Hollow\AppData\Local\Programs\MiKTeX\tex/generic/pgf/math\pgfmath.cod
e.tex
(C:\Users\Hollow\AppData\Local\Programs\MiKTeX\tex/generic/pgf/math\pgfmathutil
.code.tex)
(C:\Users\Hollow\AppData\Local\Programs\MiKTeX\tex/generic/pgf/math\pgfmathpars
er.code.tex
\pgfmath@dimen=\dimen303
\pgfmath@count=\count440
\pgfmath@box=\box74
\pgfmath@toks=\toks73
\pgfmath@stack@operand=\toks74
\pgfmath@stack@operation=\toks75
)
(C:\Users\Hollow\AppData\Local\Programs\MiKTeX\tex/generic/pgf/math\pgfmathfunc
tions.code.tex)
(C:\Users\Hollow\AppData\Local\Programs\MiKTeX\tex/generic/pgf/math\pgfmathfunc
tions.basic.code.tex)
(C:\Users\Hollow\AppData\Local\Programs\MiKTeX\tex/generic/pgf/math\pgfmathfunc
tions.trigonometric.code.tex)
(C:\Users\Hollow\AppData\Local\Programs\MiKTeX\tex/generic/pgf/math\pgfmathfunc
tions.random.code.tex)
(C:\Users\Hollow\AppData\Local\Programs\MiKTeX\tex/generic/pgf/math\pgfmathfunc
tions.comparison.code.tex)
(C:\Users\Hollow\AppData\Local\Programs\MiKTeX\tex/generic/pgf/math\pgfmathfunc
tions.base.code.tex)
(C:\Users\Hollow\AppData\Local\Programs\MiKTeX\tex/generic/pgf/math\pgfmathfunc
tions.round.code.tex)
(C:\Users\Hollow\AppData\Local\Programs\MiKTeX\tex/generic/pgf/math\pgfmathfunc
tions.misc.code.tex)
(C:\Users\Hollow\AppData\Local\Programs\MiKTeX\tex/generic/pgf/math\pgfmathfunc
tions.integerarithmetics.code.tex)
(C:\Users\Hollow\AppData\Local\Programs\MiKTeX\tex/generic/pgf/math\pgfmathcalc
.code.tex)
(C:\Users\Hollow\AppData\Local\Programs\MiKTeX\tex/generic/pgf/math\pgfmathfloa
t.code.tex
\c@pgfmathroundto@lastzeros=\count441
))
(C:\Users\Hollow\AppData\Local\Programs\MiKTeX\tex/generic/pgf/math\pgfint.code
.tex)
(C:\Users\Hollow\AppData\Local\Programs\MiKTeX\tex/generic/pgf/basiclayer\pgfco
repoints.code.tex
File: pgfcorepoints.code.tex 2025-08-29 v3.1.11a (3.1.11a)
\pgf@picminx=\dimen304
\pgf@picmaxx=\dimen305
\pgf@picminy=\dimen306
\pgf@picmaxy=\dimen307
\pgf@pathminx=\dimen308
\pgf@pathmaxx=\dimen309
\pgf@pathminy=\dimen310
\pgf@pathmaxy=\dimen311
\pgf@xx=\dimen312
\pgf@xy=\dimen313
\pgf@yx=\dimen314
\pgf@yy=\dimen315
\pgf@zx=\dimen316
\pgf@zy=\dimen317
)
(C:\Users\Hollow\AppData\Local\Programs\MiKTeX\tex/generic/pgf/basiclayer\pgfco
repathconstruct.code.tex
File: pgfcorepathconstruct.code.tex 2025-08-29 v3.1.11a (3.1.11a)
\pgf@path@lastx=\dimen318
\pgf@path@lasty=\dimen319
)
(C:\Users\Hollow\AppData\Local\Programs\MiKTeX\tex/generic/pgf/basiclayer\pgfco
repathusage.code.tex
File: pgfcorepathusage.code.tex 2025-08-29 v3.1.11a (3.1.11a)
\pgf@shorten@end@additional=\dimen320
\pgf@shorten@start@additional=\dimen321
)
(C:\Users\Hollow\AppData\Local\Programs\MiKTeX\tex/generic/pgf/basiclayer\pgfco
rescopes.code.tex
File: pgfcorescopes.code.tex 2025-08-29 v3.1.11a (3.1.11a)
\pgfpic=\box75
\pgf@hbox=\box76
\pgf@layerbox@main=\box77
\pgf@picture@serial@count=\count442
)
(C:\Users\Hollow\AppData\Local\Programs\MiKTeX\tex/generic/pgf/basiclayer\pgfco
regraphicstate.code.tex
File: pgfcoregraphicstate.code.tex 2025-08-29 v3.1.11a (3.1.11a)
\pgflinewidth=\dimen322
)
(C:\Users\Hollow\AppData\Local\Programs\MiKTeX\tex/generic/pgf/basiclayer\pgfco
retransformations.code.tex
File: pgfcoretransformations.code.tex 2025-08-29 v3.1.11a (3.1.11a)
\pgf@pt@x=\dimen323
\pgf@pt@y=\dimen324
\pgf@pt@temp=\dimen325
)
(C:\Users\Hollow\AppData\Local\Programs\MiKTeX\tex/generic/pgf/basiclayer\pgfco
requick.code.tex
File: pgfcorequick.code.tex 2025-08-29 v3.1.11a (3.1.11a)
)
(C:\Users\Hollow\AppData\Local\Programs\MiKTeX\tex/generic/pgf/basiclayer\pgfco
reobjects.code.tex
File: pgfcoreobjects.code.tex 2025-08-29 v3.1.11a (3.1.11a)
)
(C:\Users\Hollow\AppData\Local\Programs\MiKTeX\tex/generic/pgf/basiclayer\pgfco
repathprocessing.code.tex
File: pgfcorepathprocessing.code.tex 2025-08-29 v3.1.11a (3.1.11a)
)
(C:\Users\Hollow\AppData\Local\Programs\MiKTeX\tex/generic/pgf/basiclayer\pgfco
rearrows.code.tex
File: pgfcorearrows.code.tex 2025-08-29 v3.1.11a (3.1.11a)
\pgfarrowsep=\dimen326
)
(C:\Users\Hollow\AppData\Local\Programs\MiKTeX\tex/generic/pgf/basiclayer\pgfco
reshade.code.tex
File: pgfcoreshade.code.tex 2025-08-29 v3.1.11a (3.1.11a)
\pgf@max=\dimen327
\pgf@sys@shading@range@num=\count443
\pgf@shadingcount=\count444
)
(C:\Users\Hollow\AppData\Local\Programs\MiKTeX\tex/generic/pgf/basiclayer\pgfco
reimage.code.tex
File: pgfcoreimage.code.tex 2025-08-29 v3.1.11a (3.1.11a)
)
(C:\Users\Hollow\AppData\Local\Programs\MiKTeX\tex/generic/pgf/basiclayer\pgfco
reexternal.code.tex
File: pgfcoreexternal.code.tex 2025-08-29 v3.1.11a (3.1.11a)
\pgfexternal@startupbox=\box78
)
(C:\Users\Hollow\AppData\Local\Programs\MiKTeX\tex/generic/pgf/basiclayer\pgfco
relayers.code.tex
File: pgfcorelayers.code.tex 2025-08-29 v3.1.11a (3.1.11a)
)
(C:\Users\Hollow\AppData\Local\Programs\MiKTeX\tex/generic/pgf/basiclayer\pgfco
retransparency.code.tex
File: pgfcoretransparency.code.tex 2025-08-29 v3.1.11a (3.1.11a)
)
(C:\Users\Hollow\AppData\Local\Programs\MiKTeX\tex/generic/pgf/basiclayer\pgfco
repatterns.code.tex
File: pgfcorepatterns.code.tex 2025-08-29 v3.1.11a (3.1.11a)
)
(C:\Users\Hollow\AppData\Local\Programs\MiKTeX\tex/generic/pgf/basiclayer\pgfco
rerdf.code.tex
File: pgfcorerdf.code.tex 2025-08-29 v3.1.11a (3.1.11a)
)))
(C:\Users\Hollow\AppData\Local\Programs\MiKTeX\tex/generic/pgf/modules\pgfmodul
eshapes.code.tex
File: pgfmoduleshapes.code.tex 2025-08-29 v3.1.11a (3.1.11a)
\pgfnodeparttextbox=\box79
)
(C:\Users\Hollow\AppData\Local\Programs\MiKTeX\tex/generic/pgf/modules\pgfmodul
eplot.code.tex
File: pgfmoduleplot.code.tex 2025-08-29 v3.1.11a (3.1.11a)
)
(C:\Users\Hollow\AppData\Local\Programs\MiKTeX\tex/latex/pgf/compatibility\pgfc
omp-version-0-65.sty
Package: pgfcomp-version-0-65 2025-08-29 v3.1.11a (3.1.11a)
\pgf@nodesepstart=\dimen328
\pgf@nodesepend=\dimen329
)
(C:\Users\Hollow\AppData\Local\Programs\MiKTeX\tex/latex/pgf/compatibility\pgfc
omp-version-1-18.sty
Package: pgfcomp-version-1-18 2025-08-29 v3.1.11a (3.1.11a)
))
(C:\Users\Hollow\AppData\Local\Programs\MiKTeX\tex/latex/pgf/utilities\pgffor.s
ty
(C:\Users\Hollow\AppData\Local\Programs\MiKTeX\tex/latex/pgf/utilities\pgfkeys.
sty
(C:\Users\Hollow\AppData\Local\Programs\MiKTeX\tex/generic/pgf/utilities\pgfkey
s.code.tex))
(C:\Users\Hollow\AppData\Local\Programs\MiKTeX\tex/latex/pgf/math\pgfmath.sty
(C:\Users\Hollow\AppData\Local\Programs\MiKTeX\tex/generic/pgf/math\pgfmath.cod
e.tex))
(C:\Users\Hollow\AppData\Local\Programs\MiKTeX\tex/generic/pgf/utilities\pgffor
.code.tex
Package: pgffor 2025-08-29 v3.1.11a (3.1.11a)
\pgffor@iter=\dimen330
\pgffor@skip=\dimen331
\pgffor@stack=\toks76
\pgffor@toks=\toks77
))
(C:\Users\Hollow\AppData\Local\Programs\MiKTeX\tex/generic/pgf/frontendlayer/ti
kz\tikz.code.tex
Package: tikz 2025-08-29 v3.1.11a (3.1.11a)

(C:\Users\Hollow\AppData\Local\Programs\MiKTeX\tex/generic/pgf/libraries\pgflib
raryplothandlers.code.tex
File: pgflibraryplothandlers.code.tex 2025-08-29 v3.1.11a (3.1.11a)
\pgf@plot@mark@count=\count445
\pgfplotmarksize=\dimen332
)
\tikz@lastx=\dimen333
\tikz@lasty=\dimen334
\tikz@lastxsaved=\dimen335
\tikz@lastysaved=\dimen336
\tikz@lastmovetox=\dimen337
\tikz@lastmovetoy=\dimen338
\tikzleveldistance=\dimen339
\tikzsiblingdistance=\dimen340
\tikz@figbox=\box80
\tikz@figbox@bg=\box81
\tikz@tempbox=\box82
\tikz@tempbox@bg=\box83
\tikztreelevel=\count446
\tikznumberofchildren=\count447
\tikznumberofcurrentchild=\count448
\tikz@fig@count=\count449

(C:\Users\Hollow\AppData\Local\Programs\MiKTeX\tex/generic/pgf/modules\pgfmodul
ematrix.code.tex
File: pgfmodulematrix.code.tex 2025-08-29 v3.1.11a (3.1.11a)
\pgfmatrixcurrentrow=\count450
\pgfmatrixcurrentcolumn=\count451
\pgf@matrix@numberofcolumns=\count452
)
\tikz@expandcount=\count453

(C:\Users\Hollow\AppData\Local\Programs\MiKTeX\tex/generic/pgf/frontendlayer/ti
kz/libraries\tikzlibrarytopaths.code.tex
File: tikzlibrarytopaths.code.tex 2025-08-29 v3.1.11a (3.1.11a)
)))
(C:\Users\Hollow\AppData\Local\Programs\MiKTeX\tex/generic/pgf/frontendlayer/ti
kz/libraries\tikzlibrarypositioning.code.tex
File: tikzlibrarypositioning.code.tex 2025-08-29 v3.1.11a (3.1.11a)
)
\c@@todonotes@numberoftodonotes=\count454
)
(C:\Users\Hollow\AppData\Local\Programs\MiKTeX\tex/latex/mdframed\mdframed.sty
Package: mdframed 2013/07/01 1.9b: mdframed

(C:\Users\Hollow\AppData\Local\Programs\MiKTeX\tex/latex/l3packages/xparse\xpar
se.sty
(C:\Users\Hollow\AppData\Local\Programs\MiKTeX\tex/latex/l3kernel\expl3.sty
Package: expl3 2026-01-19 L3 programming layer (loader) 

(C:\Users\Hollow\AppData\Local\Programs\MiKTeX\tex/latex/l3backend\l3backend-pd
ftex.def
File: l3backend-pdftex.def 2025-10-09 L3 backend support: PDF output (pdfTeX)
\l__color_backend_stack_int=\count455
))
Package: xparse 2025-10-09 L3 Experimental document command parser
)
(C:\Users\Hollow\AppData\Local\Programs\MiKTeX\tex/latex/zref\zref-abspage.sty
Package: zref-abspage 2025-06-08 v2.36 Module abspage for zref (HO)

(C:\Users\Hollow\AppData\Local\Programs\MiKTeX\tex/latex/zref\zref-base.sty
Package: zref-base 2025-06-08 v2.36 Module base for zref (HO)

(C:\Users\Hollow\AppData\Local\Programs\MiKTeX\tex/latex/auxhook\auxhook.sty
Package: auxhook 2019-12-17 v1.6 Hooks for auxiliary files (HO)
)
Package zref Info: New property list: main on input line 767.
Package zref Info: New property: default on input line 768.
Package zref Info: New property: page on input line 769.
)
\c@abspage=\count456
Package zref Info: New property: abspage on input line 67.
)
(C:\Users\Hollow\AppData\Local\Programs\MiKTeX\tex/latex/needspace\needspace.st
y
Package: needspace 2025/03/13 v1.3e reserve vertical space
)
\mdf@templength=\skip145
\c@mdf@globalstyle@cnt=\count457
\mdf@skipabove@length=\skip146
\mdf@skipbelow@length=\skip147
\mdf@leftmargin@length=\skip148
\mdf@rightmargin@length=\skip149
\mdf@innerleftmargin@length=\skip150
\mdf@innerrightmargin@length=\skip151
\mdf@innertopmargin@length=\skip152
\mdf@innerbottommargin@length=\skip153
\mdf@splittopskip@length=\skip154
\mdf@splitbottomskip@length=\skip155
\mdf@outermargin@length=\skip156
\mdf@innermargin@length=\skip157
\mdf@linewidth@length=\skip158
\mdf@innerlinewidth@length=\skip159
\mdf@middlelinewidth@length=\skip160
\mdf@outerlinewidth@length=\skip161
\mdf@roundcorner@length=\skip162
\mdf@footenotedistance@length=\skip163
\mdf@userdefinedwidth@length=\skip164
\mdf@needspace@length=\skip165
\mdf@frametitleaboveskip@length=\skip166
\mdf@frametitlebelowskip@length=\skip167
\mdf@frametitlerulewidth@length=\skip168
\mdf@frametitleleftmargin@length=\skip169
\mdf@frametitlerightmargin@length=\skip170
\mdf@shadowsize@length=\skip171
\mdf@extratopheight@length=\skip172
\mdf@subtitleabovelinewidth@length=\skip173
\mdf@subtitlebelowlinewidth@length=\skip174
\mdf@subtitleaboveskip@length=\skip175
\mdf@subtitlebelowskip@length=\skip176
\mdf@subtitleinneraboveskip@length=\skip177
\mdf@subtitleinnerbelowskip@length=\skip178
\mdf@subsubtitleabovelinewidth@length=\skip179
\mdf@subsubtitlebelowlinewidth@length=\skip180
\mdf@subsubtitleaboveskip@length=\skip181
\mdf@subsubtitlebelowskip@length=\skip182
\mdf@subsubtitleinneraboveskip@length=\skip183
\mdf@subsubtitleinnerbelowskip@length=\skip184

(C:\Users\Hollow\AppData\Local\Programs\MiKTeX\tex/latex/mdframed\md-frame-1.md
f
File: md-frame-1.mdf 2013/07/01\ 1.9b: md-frame-1
)
\mdf@frametitlebox=\box84
\mdf@footnotebox=\box85
\mdf@splitbox@one=\box86
\mdf@splitbox@two=\box87
\mdf@splitbox@save=\box88
\mdfsplitboxwidth=\skip185
\mdfsplitboxtotalwidth=\skip186
\mdfsplitboxheight=\skip187
\mdfsplitboxdepth=\skip188
\mdfsplitboxtotalheight=\skip189
\mdfframetitleboxwidth=\skip190
\mdfframetitleboxtotalwidth=\skip191
\mdfframetitleboxheight=\skip192
\mdfframetitleboxdepth=\skip193
\mdfframetitleboxtotalheight=\skip194
\mdffootnoteboxwidth=\skip195
\mdffootnoteboxtotalwidth=\skip196
\mdffootnoteboxheight=\skip197
\mdffootnoteboxdepth=\skip198
\mdffootnoteboxtotalheight=\skip199
\mdftotallinewidth=\skip256
\mdfboundingboxwidth=\skip257
\mdfboundingboxtotalwidth=\skip258
\mdfboundingboxheight=\skip259
\mdfboundingboxdepth=\skip260
\mdfboundingboxtotalheight=\skip261
\mdf@freevspace@length=\skip262
\mdf@horizontalwidthofbox@length=\skip263
\mdf@verticalmarginwhole@length=\skip264
\mdf@horizontalspaceofbox=\skip265
\mdfsubtitleheight=\skip266
\mdfsubsubtitleheight=\skip267
\c@mdfcountframes=\count458

****** mdframed patching \endmdf@trivlist

****** -- success******

\mdf@envdepth=\count459
\c@mdf@env@i=\count460
\c@mdf@env@ii=\count461
\c@mdf@zref@counter=\count462
Package zref Info: New property: mdf@pagevalue on input line 895.
) (C:\Users\Hollow\AppData\Local\Programs\MiKTeX\tex/latex/lipsum\lipsum.sty
(C:\Users\Hollow\AppData\Local\Programs\MiKTeX\tex/latex/l3packages/l3keys2e\l3
keys2e.sty
Package: l3keys2e 2025-10-09 LaTeX2e option processing using LaTeX3 keys
)
Package: lipsum 2021-09-20 v2.7 150 paragraphs of Lorem Ipsum dummy text
\g__lipsum_par_int=\count463
\l__lipsum_a_int=\count464
\l__lipsum_b_int=\count465

(C:\Users\Hollow\AppData\Local\Programs\MiKTeX\tex/latex/lipsum\lipsum.ltd.tex)
)
\glswrite=\write4
\glo@main@file=\write5
\openout5 = `tesis.glo'.

Package glossaries Info: Writing glossary file tesis.glo on input line 474.
\glo@acronym@file=\write6
\openout6 = `tesis.acn'.

Package glossaries Info: Writing glossary file tesis.acn on input line 474.
\c@cntsign=\count466
\c@cnt=\count467
\c@authesiscnt=\count468
\c@maxnumauthors=\count469
\c@authtempcnt=\count470
\c@pagecount=\count471
\c@DollarFlag=\count472

(C:\Users\Hollow\AppData\Local\Programs\MiKTeX\tex/latex/biblatex\biblatex.sty
Package: biblatex 2025/07/10 v3.21 programmable bibliographies (PK/MW)

(C:\Users\Hollow\AppData\Local\Programs\MiKTeX\tex/latex/logreq\logreq.sty
Package: logreq 2010/08/04 v1.0 xml request logger
\lrq@indent=\count473

(C:\Users\Hollow\AppData\Local\Programs\MiKTeX\tex/latex/logreq\logreq.def
File: logreq.def 2010/08/04 v1.0 logreq spec v1.0
))
\c@tabx@nest=\count474
\c@listtotal=\count475
\c@listcount=\count476
\c@liststart=\count477
\c@liststop=\count478
\c@citecount=\count479
\c@citetotal=\count480
\c@multicitecount=\count481
\c@multicitetotal=\count482
\c@instcount=\count483
\c@maxnames=\count484
\c@minnames=\count485
\c@maxitems=\count486
\c@minitems=\count487
\c@citecounter=\count488
\c@maxcitecounter=\count489
\c@savedcitecounter=\count490
\c@uniquelist=\count491
\c@uniquename=\count492
\c@refsection=\count493
\c@refsegment=\count494
\c@maxextratitle=\count495
\c@maxextratitleyear=\count496
\c@maxextraname=\count497
\c@maxextradate=\count498
\c@maxextraalpha=\count499
\c@abbrvpenalty=\count500
\c@highnamepenalty=\count501
\c@lownamepenalty=\count502
\c@maxparens=\count503
\c@parenlevel=\count504
\blx@tempcnta=\count505
\blx@tempcntb=\count506
\blx@tempcntc=\count507
\c@blx@maxsection=\count508
\blx@maxsegment@0=\count509
\blx@notetype=\count510
\blx@parenlevel@text=\count511
\blx@parenlevel@foot=\count512
\blx@sectionciteorder@0=\count513
\blx@sectionciteorderinternal@0=\count514
\blx@entrysetcounter=\count515
\blx@biblioinstance=\count516
\labelnumberwidth=\skip268
\labelalphawidth=\skip269
\biblabelsep=\skip270
\bibitemsep=\skip271
\bibnamesep=\skip272
\bibinitsep=\skip273
\bibparsep=\skip274
\bibhang=\skip275
\blx@bcfin=\read4
\blx@bcfout=\write7
\blx@langwohyphens=\language80
\c@mincomprange=\count517
\c@maxcomprange=\count518
\c@mincompwidth=\count519
Package biblatex Info: Trying to load biblatex default data model...
Package biblatex Info: ... file 'blx-dm.def' found.

(C:\Users\Hollow\AppData\Local\Programs\MiKTeX\tex/latex/biblatex\blx-dm.def
File: blx-dm.def 2025/07/10 v3.21 biblatex datamodel (PK/MW)
)
Package biblatex Info: Trying to load biblatex style data model...
Package biblatex Info: ... file 'authoryear-ibid.dbx' not found.
Package biblatex Info: Trying to load biblatex custom data model...
Package biblatex Info: ... file 'biblatex-dm.cfg' not found.
\c@afterword=\count520
\c@savedafterword=\count521
\c@annotator=\count522
\c@savedannotator=\count523
\c@author=\count524
\c@savedauthor=\count525
\c@bookauthor=\count526
\c@savedbookauthor=\count527
\c@commentator=\count528
\c@savedcommentator=\count529
\c@editor=\count530
\c@savededitor=\count531
\c@editora=\count532
\c@savededitora=\count533
\c@editorb=\count534
\c@savededitorb=\count535
\c@editorc=\count536
\c@savededitorc=\count537
\c@foreword=\count538
\c@savedforeword=\count539
\c@holder=\count540
\c@savedholder=\count541
\c@introduction=\count542
\c@savedintroduction=\count543
\c@namea=\count544
\c@savednamea=\count545
\c@nameb=\count546
\c@savednameb=\count547
\c@namec=\count548
\c@savednamec=\count549
\c@translator=\count550
\c@savedtranslator=\count551
\c@shortauthor=\count552
\c@savedshortauthor=\count553
\c@shorteditor=\count554
\c@savedshorteditor=\count555
\c@labelname=\count556
\c@savedlabelname=\count557
\c@institution=\count558
\c@savedinstitution=\count559
\c@lista=\count560
\c@savedlista=\count561
\c@listb=\count562
\c@savedlistb=\count563
\c@listc=\count564
\c@savedlistc=\count565
\c@listd=\count566
\c@savedlistd=\count567
\c@liste=\count568
\c@savedliste=\count569
\c@listf=\count570
\c@savedlistf=\count571
\c@location=\count572
\c@savedlocation=\count573
\c@organization=\count574
\c@savedorganization=\count575
\c@origlocation=\count576
\c@savedoriglocation=\count577
\c@origpublisher=\count578
\c@savedorigpublisher=\count579
\c@publisher=\count580
\c@savedpublisher=\count581
\c@language=\count582
\c@savedlanguage=\count583
\c@origlanguage=\count584
\c@savedoriglanguage=\count585
\c@pageref=\count586
\c@savedpageref=\count587
\shorthandwidth=\skip276
\shortjournalwidth=\skip277
\shortserieswidth=\skip278
\shorttitlewidth=\skip279
\shortauthorwidth=\skip280
\shorteditorwidth=\skip281
\locallabelnumberwidth=\skip282
\locallabelalphawidth=\skip283
\localshorthandwidth=\skip284
\localshortjournalwidth=\skip285
\localshortserieswidth=\skip286
\localshorttitlewidth=\skip287
\localshortauthorwidth=\skip288
\localshorteditorwidth=\skip289
Package biblatex Info: Trying to load compatibility code...
Package biblatex Info: ... file 'blx-compat.def' found.

(C:\Users\Hollow\AppData\Local\Programs\MiKTeX\tex/latex/biblatex\blx-compat.de
f
File: blx-compat.def 2025/07/10 v3.21 biblatex compatibility (PK/MW)
)
Package biblatex Info: Trying to load generic definitions...
Package biblatex Info: ... file 'biblatex.def' found.

(C:\Users\Hollow\AppData\Local\Programs\MiKTeX\tex/latex/biblatex\biblatex.def
File: biblatex.def 2025/07/10 v3.21 biblatex compatibility (PK/MW)
\c@textcitecount=\count588
\c@textcitetotal=\count589
\c@textcitemaxnames=\count590
\c@biburlbigbreakpenalty=\count591
\c@biburlbreakpenalty=\count592
\c@biburlnumpenalty=\count593
\c@biburlucpenalty=\count594
\c@biburllcpenalty=\count595
\biburlbigskip=\muskip19
\biburlnumskip=\muskip20
\biburlucskip=\muskip21
\biburllcskip=\muskip22
\c@smartand=\count596
)
Package biblatex Info: Trying to load natbib compatibility...
Package biblatex Info: ... file 'blx-natbib.def' found.

(C:\Users\Hollow\AppData\Local\Programs\MiKTeX\tex/latex/biblatex\blx-natbib.de
f
File: blx-natbib.def 2025/07/10 v3.21 biblatex compatibility (PK/MW)
Package biblatex Info: Delimiter 'nameyeardelim' in context '' already defined,
 overwriting.
)
Package biblatex Info: Trying to load bibliography style 'authoryear'...
Package biblatex Info: ... file 'authoryear.bbx' found.

(C:\Users\Hollow\AppData\Local\Programs\MiKTeX\tex/latex/biblatex/bbx\authoryea
r.bbx
File: authoryear.bbx 2025/07/10 v3.21 biblatex bibliography style (PK/MW)
Package biblatex Info: Trying to load bibliography style 'standard'...
Package biblatex Info: ... file 'standard.bbx' found.

(C:\Users\Hollow\AppData\Local\Programs\MiKTeX\tex/latex/biblatex/bbx\standard.
bbx
File: standard.bbx 2025/07/10 v3.21 biblatex bibliography style (PK/MW)
\c@bbx:relatedcount=\count597
\c@bbx:relatedtotal=\count598
))
Package biblatex Info: Trying to load citation style 'authoryear-ibid'...
Package biblatex Info: ... file 'authoryear-ibid.cbx' found.

(C:\Users\Hollow\AppData\Local\Programs\MiKTeX\tex/latex/biblatex/cbx\authoryea
r-ibid.cbx
File: authoryear-ibid.cbx 2025/07/10 v3.21 biblatex citation style (PK/MW)
Package biblatex Info: Redefining '\cite'.
Package biblatex Info: Redefining '\parencite'.
Package biblatex Info: Redefining '\footcite'.
Package biblatex Info: Redefining '\footcitetext'.
Package biblatex Info: Redefining '\smartcite'.
Package biblatex Info: Redefining '\textcite'.
Package biblatex Info: Redefining '\textcites'.
)
Package biblatex Info: Trying to load configuration file...
Package biblatex Info: ... file 'biblatex.cfg' found.

(C:\Users\Hollow\AppData\Local\Programs\MiKTeX\tex/latex/biblatex\biblatex.cfg
File: biblatex.cfg 
)
Package biblatex Info: Input encoding 'utf8' detected.
Package biblatex Info: Document encoding is UTF8 ....
Package biblatex Info: ... and expl3
(biblatex)             2026-01-19 L3 programming layer (loader) 
(biblatex)             is new enough (at least 2020/04/06),
(biblatex)             setting 'casechanger=expl3'.

(C:\Users\Hollow\AppData\Local\Programs\MiKTeX\tex/latex/biblatex\blx-case-expl
3.sty
Package: blx-case-expl3 2025/07/10 v3.21 expl3 case changing code for biblatex
))
\signaturespacing=\dimen341
\c@appcnt=\count599
\c@storycnt=\count600
\c@crccnt=\count601
\c@effortcnt=\count602
\c@tempitercnt=\count603
\c@globalitercnt=\count604
\c@temprowcnt=\count605
\c@currentrow=\count606
\c@iterrowcnt=\count607
\c@foo=\count608
\c@itercounter=\count609
\c@iterdurationcnt=\count610
\c@engtaskcnt=\count611
\c@devtaskcnt=\count612
\c@testcasecnt=\count613
) (Glossary.tex) (Acronyms.tex)
Package csquotes Info: Checking for multilingual support...
Package csquotes Info: ... found 'babel' package.
Package csquotes Info: Adjusting default style.
Package csquotes Info: Redefining alias 'default' -> 'spanish'.
LaTeX Font Info:    Trying to load font information for T1+txr on input line 24
.

(C:\Users\Hollow\AppData\Local\Programs\MiKTeX\tex/latex/txfonts\t1txr.fd
File: t1txr.fd 2000/12/15 v3.1
)

LaTeX Warning: Unused global option(s):
    [spanish].

(tesis.aux
LaTeX Info: Redefining \. on input line 21.
LaTeX Info: Redefining \% on input line 21.
Package babel Info: 'spanish' activates 'spanish' shorthands.
(babel)             Reported on input line 21.
LaTeX Info: Redefining \. on input line 22.
LaTeX Info: Redefining \% on input line 22.
)
\openout1 = `tesis.aux'.

LaTeX Font Info:    Checking defaults for OML/txmi/m/it on input line 24.
LaTeX Font Info:    Trying to load font information for OML+txmi on input line 
24.

(C:\Users\Hollow\AppData\Local\Programs\MiKTeX\tex/latex/txfonts\omltxmi.fd
File: omltxmi.fd 2000/12/15 v3.1
)
LaTeX Font Info:    ... okay on input line 24.
LaTeX Font Info:    Checking defaults for OMS/txsy/m/n on input line 24.
LaTeX Font Info:    Trying to load font information for OMS+txsy on input line 
24.

(C:\Users\Hollow\AppData\Local\Programs\MiKTeX\tex/latex/txfonts\omstxsy.fd
File: omstxsy.fd 2000/12/15 v3.1
)
LaTeX Font Info:    ... okay on input line 24.
LaTeX Font Info:    Checking defaults for OT1/cmr/m/n on input line 24.
LaTeX Font Info:    ... okay on input line 24.
LaTeX Font Info:    Checking defaults for T1/cmr/m/n on input line 24.
LaTeX Font Info:    ... okay on input line 24.
LaTeX Font Info:    Checking defaults for TS1/cmr/m/n on input line 24.
LaTeX Font Info:    ... okay on input line 24.
LaTeX Font Info:    Checking defaults for OMX/txex/m/n on input line 24.
LaTeX Font Info:    Trying to load font information for OMX+txex on input line 
24.

(C:\Users\Hollow\AppData\Local\Programs\MiKTeX\tex/latex/txfonts\omxtxex.fd
File: omxtxex.fd 2000/12/15 v3.1
)
LaTeX Font Info:    ... okay on input line 24.
LaTeX Font Info:    Checking defaults for U/txexa/m/n on input line 24.
LaTeX Font Info:    Trying to load font information for U+txexa on input line 2
4.

(C:\Users\Hollow\AppData\Local\Programs\MiKTeX\tex/latex/txfonts\utxexa.fd
File: utxexa.fd 2000/12/15 v3.1
)
LaTeX Font Info:    ... okay on input line 24.
LaTeX Font Info:    Checking defaults for PD1/pdf/m/n on input line 24.
LaTeX Font Info:    ... okay on input line 24.
LaTeX Font Info:    Checking defaults for PU/pdf/m/n on input line 24.
LaTeX Font Info:    ... okay on input line 24.

*geometry* driver: auto-detecting
*geometry* detected driver: pdftex
*geometry* verbose mode - [ preamble ] result:
* driver: pdftex
* paper: <default>
* layout: <same size as paper>
* layoutoffset:(h,v)=(0.0pt,0.0pt)
* modes: includefoot 
* h-part:(L,W,R)=(72.26999pt, 469.75502pt, 72.26999pt)
* v-part:(T,H,B)=(72.26999pt, 650.43001pt, 72.26999pt)
* \paperwidth=614.295pt
* \paperheight=794.96999pt
* \textwidth=469.75502pt
* \textheight=620.43001pt
* \oddsidemargin=0.0pt
* \evensidemargin=0.0pt
* \topmargin=-37.0pt
* \headheight=12.0pt
* \headsep=25.0pt
* \topskip=11.0pt
* \footskip=30.0pt
* \marginparwidth=59.0pt
* \marginparsep=10.0pt
* \columnsep=10.0pt
* \skip\footins=10.0pt plus 4.0pt minus 2.0pt
* \hoffset=0.0pt
* \voffset=0.0pt
* \mag=1000
* \@twocolumnfalse
* \@twosidefalse
* \@mparswitchfalse
* \@reversemarginfalse
* (1in=72.27pt=25.4mm, 1cm=28.453pt)


(C:\Users\Hollow\AppData\Local\Programs\MiKTeX\tex/context/base/mkii\supp-pdf.m
kii
[Loading MPS to PDF converter (version 2006.09.02).]
\scratchcounter=\count614
\scratchdimen=\dimen342
\scratchbox=\box89
\nofMPsegments=\count615
\nofMParguments=\count616
\everyMPshowfont=\toks78
\MPscratchCnt=\count617
\MPscratchDim=\dimen343
\MPnumerator=\count618
\makeMPintoPDFobject=\count619
\everyMPtoPDFconversion=\toks79
)
LaTeX Info: Redefining \. on input line 24.
LaTeX Info: Redefining \% on input line 24.
Package caption Info: Begin \AtBeginDocument code.
Package caption Info: float package is loaded.
Package caption Info: hyperref package is loaded.
Package caption Info: listings package is loaded.
Package caption Info: longtable package is loaded.

(C:\Users\Hollow\AppData\Local\Programs\MiKTeX\tex/latex/caption\ltcaption.sty
Package: ltcaption 2021/01/08 v1.4c longtable captions (AR)
)
Package caption Info: rotating package is loaded.
Package caption Info: supertabular package is loaded.
Package caption Info: End \AtBeginDocument code.
LaTeX Info: Redefining \. on input line 24.
LaTeX Info: Redefining \% on input line 24.
Package hyperref Info: Option `unicode' set `false' on input line 24.
Package hyperref Info: Option `pdfnewwindow' set `true' on input line 24.
Package hyperref Info: Option `plainpages' set `false' on input line 24.
\c@lstlisting=\count620
LaTeX Encoding Info:    Redeclaring text command \k (encoding T1) on input line
 24.
Package hyperref Info: Link coloring ON on input line 24.

(C:\Users\Hollow\AppData\Local\Programs\MiKTeX\tex/latex/glossaries-english\glo
ssaries-dictionary-English.dict
Dictionary: glossaries-dictionary, Language: English 
)
(C:\Users\Hollow\AppData\Local\Programs\MiKTeX\tex/latex/glossaries-spanish\glo
ssaries-dictionary-Spanish.dict
Dictionary: glossaries-dictionary, Language: Spanish 
)
Package biblatex Info: Trying to load language 'spanish'...
Package biblatex Info: ... file 'spanish.lbx' found.

(C:\Users\Hollow\AppData\Local\Programs\MiKTeX\tex/latex/biblatex/lbx\spanish.l
bx
File: spanish.lbx 2025/07/10 v3.21 biblatex localization (PK/MW)
)
Package biblatex Info: Input encoding 'utf8' detected.
Package biblatex Info: Automatic encoding selection.
(biblatex)             Assuming data encoding 'utf8'.
\openout7 = `tesis.bcf'.

Package biblatex Info: Trying to load bibliographic data...
Package biblatex Info: ... file 'tesis.bbl' found.
 (tesis.bbl)
Package biblatex Info: Reference section=0 on input line 24.
Package biblatex Info: Reference segment=0 on input line 24.
*geometry* verbose mode - [ newgeometry ] result:
* driver: pdftex
* paper: <default>
* layout: <same size as paper>
* layoutoffset:(h,v)=(0.0pt,0.0pt)
* modes: includefoot 
* h-part:(L,W,R)=(72.26999pt, 469.75502pt, 72.26999pt)
* v-part:(T,H,B)=(72.26999pt, 650.43001pt, 72.26999pt)
* \paperwidth=614.295pt
* \paperheight=794.96999pt
* \textwidth=469.75502pt
* \textheight=620.43001pt
* \oddsidemargin=0.0pt
* \evensidemargin=0.0pt
* \topmargin=-37.0pt
* \headheight=12.0pt
* \headsep=25.0pt
* \topskip=11.0pt
* \footskip=30.0pt
* \marginparwidth=59.0pt
* \marginparsep=10.0pt
* \columnsep=10.0pt
* \skip\footins=10.0pt plus 4.0pt minus 2.0pt
* \hoffset=0.0pt
* \voffset=0.0pt
* \mag=1000
* \@twocolumnfalse
* \@twosidefalse
* \@mparswitchfalse
* \@reversemarginfalse
* (1in=72.27pt=25.4mm, 1cm=28.453pt)

Package epstopdf Info: Source file: <LogoUCI.eps>
(epstopdf)                    date: 2016-03-29 12:54:34
(epstopdf)                    size: 359286 bytes
(epstopdf)             Output file: <LogoUCI-eps-converted-to.pdf>
(epstopdf)                    date: 2022-05-16 22:14:54
(epstopdf)                    size: 134998 bytes
(epstopdf)             Command: <miktex-epstopdf --outfile=LogoUCI-eps-converte
d-to.pdf LogoUCI.eps>
(epstopdf)             \includegraphics on input line 27.
Package epstopdf Info: Output file is already uptodate.


pdfTeX warning: pdflatex.exe (file ./LogoUCI-eps-converted-to.pdf): PDF inclusi
on: found PDF version <1.7>, but at most version <1.5> allowed
<LogoUCI-eps-converted-to.pdf, id=6, 794.97pt x 614.295pt>
File: LogoUCI-eps-converted-to.pdf Graphic file (type pdf)
<use LogoUCI-eps-converted-to.pdf>
Package pdftex.def Info: LogoUCI-eps-converted-to.pdf  used on input line 27.
(pdftex.def)             Requested size: 164.41711pt x 127.0467pt.
LaTeX Font Info:    Font shape `T1/txr/b/n' in size <10.95> not available
(Font)              Font shape `T1/txr/bx/n' tried instead on input line 27.
\c@rowcnt=\count621
LaTeX Font Info:    Trying to load font information for OT1+txr on input line 2
7.
(C:\Users\Hollow\AppData\Local\Programs\MiKTeX\tex/latex/txfonts\ot1txr.fd
File: ot1txr.fd 2000/12/15 v3.1
)
LaTeX Font Info:    Trying to load font information for U+txsya on input line 2
7.

(C:\Users\Hollow\AppData\Local\Programs\MiKTeX\tex/latex/txfonts\utxsya.fd
File: utxsya.fd 2000/12/15 v3.1
)
LaTeX Font Info:    Trying to load font information for U+txsyb on input line 2
7.

(C:\Users\Hollow\AppData\Local\Programs\MiKTeX\tex/latex/txfonts\utxsyb.fd
File: utxsyb.fd 2000/12/15 v3.1
)
LaTeX Font Info:    Trying to load font information for U+txmia on input line 2
7.

(C:\Users\Hollow\AppData\Local\Programs\MiKTeX\tex/latex/txfonts\utxmia.fd
File: utxmia.fd 2000/12/15 v3.1
)
LaTeX Font Info:    Trying to load font information for U+txsyc on input line 2
7.

(C:\Users\Hollow\AppData\Local\Programs\MiKTeX\tex/latex/txfonts\utxsyc.fd
File: utxsyc.fd 2000/12/15 v3.1
)
[1

\openout4 = `tesis.ist'.


{C:/Users/Hollow/AppData/Local/MiKTeX/fonts/map/pdftex/pdftex.map}{C:/Users/Hol
low/AppData/Local/Programs/MiKTeX/fonts/enc/dvips/base/8r.enc} <./LogoUCI-eps-c
onverted-to.pdf>]
LaTeX Font Info:    Trying to load font information for T1+JanaSkrivana on inpu
t line 27.

(C:\Users\Hollow\AppData\Local\Programs\MiKTeX\tex/latex/aurical\t1janaskrivana
.fd
File: T1JanaSkrivana.fd 2006/01/01 font def. for JanaSkrivana, a calligraphic c
ursive handwriting with strong strokewidth modulations
)

LaTeX Font Warning: Font shape `T1/JanaSkrivana/m/n' will be
(Font)              scaled to size 12.59242pt on input line 27.


LaTeX Font Warning: Font shape `T1/JanaSkrivana/m/sl' will be
(Font)              scaled to size 12.59242pt on input line 27.


LaTeX Font Warning: Font shape `T1/JanaSkrivana/m/sl' will be
(Font)              scaled to size 18.3999pt on input line 27.

[2]
LaTeX Font Info:    Trying to load font information for T1+txss on input line 2
7.
 (C:\Users\Hollow\AppData\Local\Programs\MiKTeX\tex/latex/txfonts\t1txss.fd
File: t1txss.fd 2000/12/15 v3.1
)
LaTeX Font Info:    Font shape `T1/txss/m/n' will be
(Font)              scaled to size 13.67995pt on input line 27.
[3


] [4

]
Underfull \hbox (badness 10000) in paragraph at lines 27--27

 []

\c@itemscnt=\count622
\c@itemOnLeft=\count623
\c@itemOnRight=\count624
\c@maxcnt=\count625
[5


] [6

] (tesis.toc
LaTeX Info: Redefining \sptext on input line 1.
LaTeX Info: Redefining \. on input line 1.
LaTeX Info: Redefining \% on input line 1.
LaTeX Info: Redefining \sptext on input line 2.
LaTeX Info: Redefining \. on input line 2.
LaTeX Info: Redefining \% on input line 2.
LaTeX Font Info:    Font shape `T1/txr/b/sc' in size <10.95> not available
(Font)              Font shape `T1/txr/bx/sc' tried instead on input line 3.
)
\tf@toc=\write8
\openout8 = `tesis.toc'.

 [7

] [8] (tesis.lof
LaTeX Info: Redefining \sptext on input line 1.
LaTeX Info: Redefining \. on input line 1.
LaTeX Info: Redefining \% on input line 1.
LaTeX Info: Redefining \sptext on input line 2.
LaTeX Info: Redefining \. on input line 2.
LaTeX Info: Redefining \% on input line 2.
)
\tf@lof=\write9
\openout9 = `tesis.lof'.

 [9

] (tesis.lot
LaTeX Info: Redefining \sptext on input line 1.
LaTeX Info: Redefining \. on input line 1.
LaTeX Info: Redefining \% on input line 1.
LaTeX Info: Redefining \sptext on input line 2.
LaTeX Info: Redefining \. on input line 2.
LaTeX Info: Redefining \% on input line 2.
)
\tf@lot=\write10
\openout10 = `tesis.lot'.

 [10

] (tesis.loa)
\tf@loa=\write11
\openout11 = `tesis.loa'.


[11

] (tesis.lol)
\tf@lol=\write12
\openout12 = `tesis.lol'.

 [12

] (tesis.tdo)
\tf@tdo=\write13
\openout13 = `tesis.tdo'.

 [13

] (Introduction.tex [1


]) (Chapter1.tex
LaTeX Info: Redefining \. on input line 1.
LaTeX Info: Redefining \% on input line 1.
Package babel Info: 'spanish' activates 'spanish' shorthands.
(babel)             Reported on input line 1.

[2]
Cap\'{\i }tulo 1.
LaTeX Font Info:    Font shape `T1/txss/m/n' will be
(Font)              scaled to size 23.63593pt on input line 1.
LaTeX Font Info:    Font shape `T1/txr/b/n' in size <14.4> not available
(Font)              Font shape `T1/txr/bx/n' tried instead on input line 12.
[3

]
LaTeX Info: Redefining \. on input line 92.
LaTeX Info: Redefining \% on input line 92.
 [4]
LaTeX Font Info:    Font shape `T1/txr/b/n' in size <10> not available
(Font)              Font shape `T1/txr/bx/n' tried instead on input line 103.
LaTeX Font Info:    Font shape `T1/txr/b/n' in size <12> not available
(Font)              Font shape `T1/txr/bx/n' tried instead on input line 143.
LaTeX Info: Redefining \. on input line 151.
LaTeX Info: Redefining \% on input line 151.
 [5]
LaTeX Info: Redefining \. on input line 206.
LaTeX Info: Redefining \% on input line 206.
 [6]
LaTeX Font Info:    Trying to load font information for TS1+txr on input line 2
10.

(C:\Users\Hollow\AppData\Local\Programs\MiKTeX\tex/latex/txfonts\ts1txr.fd
File: ts1txr.fd 2000/12/15 v3.1
)
LaTeX Info: Redefining \. on input line 272.
LaTeX Info: Redefining \% on input line 272.

[7]
<Images/scrum.png, id=299, 515.67656pt x 268.75406pt>
File: Images/scrum.png Graphic file (type png)
<use Images/scrum.png>
Package pdftex.def Info: Images/scrum.png  used on input line 301.
(pdftex.def)             Requested size: 422.77664pt x 220.34285pt.
) (Chapter2.tex
LaTeX Info: Redefining \. on input line 1.
LaTeX Info: Redefining \% on input line 1.
 [8]
LaTeX Info: Redefining \. on input line 1.
LaTeX Info: Redefining \% on input line 1.
 [9 <./Images/scrum.png>]
Cap\'{\i }tulo 2.
[10

]
<Images/flujo_estados.jpg, id=322, 779.91376pt x 244.915pt>
File: Images/flujo_estados.jpg Graphic file (type jpg)
<use Images/flujo_estados.jpg>
Package pdftex.def Info: Images/flujo_estados.jpg  used on input line 69.
(pdftex.def)             Requested size: 446.26582pt x 140.13739pt.
LaTeX Info: Redefining \. on input line 76.
LaTeX Info: Redefining \% on input line 76.
 [11 <./Images/flujo_estados.jpg>]
<Images/flujo_proceso.jpg, id=327, 1554.80875pt x 296.10625pt>
File: Images/flujo_proceso.jpg Graphic file (type jpg)
<use Images/flujo_proceso.jpg>
Package pdftex.def Info: Images/flujo_proceso.jpg  used on input line 79.
(pdftex.def)             Requested size: 446.26582pt x 84.98755pt.

ignored: Infinite glue shrinkage found in box being split
LaTeX Info: Redefining \. on input line 148.
LaTeX Info: Redefining \% on input line 148.
 [12 <./Images/flujo_proceso.jpg>]
ignored: Infinite glue shrinkage found in box being sp
lit
LaTeX Info: Redefining \. on input line 193.
LaTeX Info: Redefining \% on input line 193.

[13]
ignored: Infinite glue shrinkage found in box being split
LaTeX Info: Redefining \. on input line 282.
LaTeX Info: Redefining \% on input line 282.
 [14]
ignored: Infinite glue shrinkage found in box being split
LaTeX Info: Redefining \. on input line 328.
LaTeX Info: Redefining \% on input line 328.
 [15]
ignored: Infinite glue shrinkage found in box being split
LaTeX Info: Redefining \. on input line 369.
LaTeX Info: Redefining \% on input line 369.
 [16]
ignored: Infinite glue shrinkage found in box being split
LaTeX Info: Redefining \. on input line 418.
LaTeX Info: Redefining \% on input line 418.
 [17]
LaTeX Info: Redefining \. on input line 477.
LaTeX Info: Redefining \% on input line 477.
 [18]
Underfull \hbox (badness 10000) in paragraph at lines 512--512
[]|\T1/txr/m/n/10 Manejo con-tro-la-do
 []

LaTeX Info: Redefining \. on input line 550.
LaTeX Info: Redefining \% on input line 550.
[19]
LaTeX Info: Redefining \. on input line 614.
LaTeX Info: Redefining \% on input line 614.
 [20]
LaTeX Info: Redefining \. on input line 686.
LaTeX Info: Redefining \% on input line 686.
 [21]
Underfull \hbox (badness 5548) in paragraph at lines 704--704
[]|\T1/txr/m/n/10 Dic 2025 -- Ene
 []


Underfull \hbox (badness 7613) in paragraph at lines 704--704
[]|\T1/txr/m/n/10 HU-01, HU-
 []


Underfull \hbox (badness 2351) in paragraph at lines 705--706
[]|\T1/txr/m/n/10 Módulo de su-bi-da frag-men-ta-da fun-cio-nal:
 []


Underfull \hbox (badness 3792) in paragraph at lines 705--706
\T1/txr/m/n/10 ini-cio de pro-ce-so de su-bi-da, pau-sa ma-
 []


Underfull \hbox (badness 7613) in paragraph at lines 708--708
[]|\T1/txr/m/n/10 HU-04, HU-
 []


Underfull \hbox (badness 7613) in paragraph at lines 712--712
[]|\T1/txr/m/n/10 HU-07, HU-
 []


Underfull \hbox (badness 1052) in paragraph at lines 713--715
[]|\T1/txr/m/n/10 Arquitectura di-ri-gi-da por even-tos: pro-ce-sa-
 []


Underfull \hbox (badness 1019) in paragraph at lines 713--715
\T1/txr/m/n/10 mien-to asín-crono de me-ta-da-tos, des-aco-pla-
 []


Underfull \hbox (badness 2573) in paragraph at lines 717--717
[]|\T1/txr/bx/n/10 Dic 2025 -- May
 []

LaTeX Info: Redefining \. on input line 747.
LaTeX Info: Redefining \% on input line 747.
[22]
LaTeX Font Info:    Trying to load font information for T1+txtt on input line 7
67.
 (C:\Users\Hollow\AppData\Local\Programs\MiKTeX\tex/latex/txfonts\t1txtt.fd
File: t1txtt.fd 2000/12/15 v3.1
)
LaTeX Info: Redefining \. on input line 789.
LaTeX Info: Redefining \% on input line 789.
 [23]) (Suggestions.tex
LaTeX Info: Redefining \. on input line 1.
LaTeX Info: Redefining \% on input line 1.
 [24])

Package glossaries Warning: No \printglossary or \printglossaries found. 
(Remove \makeglossaries if you don't want any glossaries.) 
This document will not have a glossary.

No file tesis.gls.
No file tesis.acr.
[25

] [26

]
Overfull \hbox (0.60866pt too wide) in paragraph at lines 36--36
[][]\T1/txr/m/it/10.95 Software de-ve-lop-ment ef-fort es-ti-ma-tion \T1/txr/m/
n/10.95 (2026). Geeks-for-Geeks. Sec-tion: Soft-wa-re En-gi-nee-ring. \T1/txr/m
/sc/10.95 url\T1/txr/m/n/10.95 : [][]$\T1/txtt/m/n/10.95 https :
 []

LaTeX Info: Redefining \. on input line 36.
LaTeX Info: Redefining \% on input line 36.
[27]
LaTeX Info: Redefining \. on input line 36.
LaTeX Info: Redefining \% on input line 36.
 [28] (tesis.aux
LaTeX Info: Redefining \sptext on input line 21.
LaTeX Info: Redefining \. on input line 21.
LaTeX Info: Redefining \% on input line 21.
LaTeX Info: Redefining \sptext on input line 22.
LaTeX Info: Redefining \. on input line 22.
LaTeX Info: Redefining \% on input line 22.
)
 ***********
LaTeX2e <2025-11-01>
L3 programming layer <2026-01-19>
 ***********


LaTeX Warning: There were undefined references.


Package biblatex Warning: Please rerun LaTeX.
(biblatex)                Page breaks have changed.

Package logreq Info: Writing requests to 'tesis.run.xml'.
\openout1 = `tesis.run.xml'.

 ) 
Here is how much of TeX's memory you used:
 49686 strings out of 467867
 961372 string characters out of 5417850
 1995949 words of memory out of 5000000
 77538 multiletter control sequences out of 15000+600000
 710749 words of font info for 155 fonts, out of 8000000 for 9000
 1141 hyphenation exceptions out of 8191
 113i,11n,131p,2803b,3544s stack positions out of 10000i,1000n,20000p,200000b,200000s
<C:/Users/Hollow/AppData/Local/Programs/MiKTeX/fonts/type1/public/aurical/Jan
aSkrivanaSlant.pfb><C:/Users/Hollow/AppData/Local/Programs/MiKTeX/fonts/type1/p
ublic/txfonts/rtcxi.pfb><C:/Users/Hollow/AppData/Local/Programs/MiKTeX/fonts/ty
pe1/public/txfonts/rtxbsc.pfb><C:/Users/Hollow/AppData/Local/Programs/MiKTeX/fo
nts/type1/public/txfonts/rtxi.pfb><C:/Users/Hollow/AppData/Local/Programs/MiKTe
X/fonts/type1/public/txfonts/rtxr.pfb><C:/Users/Hollow/AppData/Local/Programs/M
iKTeX/fonts/type1/public/txfonts/rtxsc.pfb><C:/Users/Hollow/AppData/Local/Progr
ams/MiKTeX/fonts/type1/public/txfonts/t1xtt.pfb><C:/Users/Hollow/AppData/Local/
Programs/MiKTeX/fonts/type1/public/txfonts/txsy.pfb><C:/Users/Hollow/AppData/Lo
cal/Programs/MiKTeX/fonts/type1/urw/helvetic/uhvr8a.pfb><C:/Users/Hollow/AppDat
a/Local/Programs/MiKTeX/fonts/type1/urw/times/utmb8a.pfb><C:/Users/Hollow/AppDa
ta/Local/Programs/MiKTeX/fonts/type1/urw/times/utmr8a.pfb><C:/Users/Hollow/AppD
ata/Local/Programs/MiKTeX/fonts/type1/urw/times/utmr8a.pfb><C:/Users/Hollow/App
Data/Local/Programs/MiKTeX/fonts/type1/urw/times/utmri8a.pfb>
Output written on tesis.pdf (41 pages, 690423 bytes).
PDF statistics:
 653 PDF objects out of 1000 (max. 8388607)
 147 named destinations out of 1000 (max. 500000)
 265 words of extra memory for PDF output out of 10000 (max. 10000000)

